{"numFailedTestSuites":15,"numFailedTests":15,"numPassedTestSuites":3,"numPassedTests":3,"numPendingTestSuites":0,"numPendingTests":0,"numRuntimeErrorTestSuites":0,"numTodoTests":0,"numTotalTestSuites":18,"numTotalTests":18,"openHandles":[],"snapshot":{"added":0,"didUpdate":false,"failure":false,"filesAdded":0,"filesRemoved":0,"filesRemovedList":[],"filesUnmatched":0,"filesUpdated":0,"matched":0,"total":0,"unchecked":0,"uncheckedKeysByFile":[],"unmatched":0,"updated":0},"startTime":1786883444550,"success":false,"testResults":[{"assertionResults":[{"ancestorTitles":["CreatorsService"],"duration":23,"failing":false,"failureDetails":[{"type":"CreatorsService","context":{"index":0,"dependencies":[null]},"metadata":{"id":"0917f1f0eeef7fa90769c"},"moduleRef":{"id":"f7dea99df40917f1f0eee"}}],"failureMessages":["Error: Nest can't resolve dependencies of the CreatorsService (?). Please make sure that the argument PrismaService at index [0] is available in the RootTestModule module.\n\nPotential solutions:\n- Is RootTestModule a valid NestJS module?\n- If PrismaService is a provider, is it part of the current RootTestModule?\n- If PrismaService is exported from a separate @Module, is that module imported within RootTestModule?\n  @Module({\n    imports: [ /* the Module containing PrismaService */ ]\n  })\n\nFor more common dependency resolution issues, see: https://docs.nestjs.com/faq/common-errors\n    at TestingInjector.lookupComponentInParentModules (D:\\Desktop\\Vault\\PROJECT\\ASHEN\\backend\\node_modules\\@nestjs\\core\\injector\\injector.js:300:19)\n    at processTicksAndRejections (node:internal/process/task_queues:104:5)\n    at TestingInjector.resolveComponentWrapper (D:\\Desktop\\Vault\\PROJECT\\ASHEN\\backend\\node_modules\\@nestjs\\testing\\testing-injector.js:19:45)\n    at resolveParam (D:\\Desktop\\Vault\\PROJECT\\ASHEN\\backend\\node_modules\\@nestjs\\core\\injector\\injector.js:150:38)\n    at async Promise.all (index 0)\n    at TestingInjector.resolveConstructorParams (D:\\Desktop\\Vault\\PROJECT\\ASHEN\\backend\\node_modules\\@nestjs\\core\\injector\\injector.js:179:27)\n    at TestingInjector.loadInstance (D:\\Desktop\\Vault\\PROJECT\\ASHEN\\backend\\node_modules\\@nestjs\\core\\injector\\injector.js:77:13)\n    at TestingInjector.loadProvider (D:\\Desktop\\Vault\\PROJECT\\ASHEN\\backend\\node_modules\\@nestjs\\core\\injector\\injector.js:111:9)\n    at D:\\Desktop\\Vault\\PROJECT\\ASHEN\\backend\\node_modules\\@nestjs\\core\\injector\\instance-loader.js:56:13\n    at async Promise.all (index 3)\n    at TestingInstanceLoader.createInstancesOfProviders (D:\\Desktop\\Vault\\PROJECT\\ASHEN\\backend\\node_modules\\@nestjs\\core\\injector\\instance-loader.js:55:9)\n    at D:\\Desktop\\Vault\\PROJECT\\ASHEN\\backend\\node_modules\\@nestjs\\core\\injector\\instance-loader.js:40:13\n    at async Promise.all (index 1)\n    at TestingInstanceLoader.createInstances (D:\\Desktop\\Vault\\PROJECT\\ASHEN\\backend\\node_modules\\@nestjs\\core\\injector\\instance-loader.js:39:9)\n    at TestingInstanceLoader.createInstancesOfDependencies (D:\\Desktop\\Vault\\PROJECT\\ASHEN\\backend\\node_modules\\@nestjs\\core\\injector\\instance-loader.js:22:13)\n    at TestingInstanceLoader.createInstancesOfDependencies (D:\\Desktop\\Vault\\PROJECT\\ASHEN\\backend\\node_modules\\@nestjs\\testing\\testing-instance-loader.js:9:9)\n    at TestingModuleBuilder.createInstancesOfDependencies (D:\\Desktop\\Vault\\PROJECT\\ASHEN\\backend\\node_modules\\@nestjs\\testing\\testing-module.builder.js:119:9)\n    at TestingModuleBuilder.compile (D:\\Desktop\\Vault\\PROJECT\\ASHEN\\backend\\node_modules\\@nestjs\\testing\\testing-module.builder.js:74:9)\n    at Object.<anonymous> (D:\\Desktop\\Vault\\PROJECT\\ASHEN\\backend\\src\\creators\\creators.service.spec.ts:8:35)"],"fullName":"CreatorsService should be defined","invocations":1,"location":null,"numPassingAsserts":0,"retryReasons":[],"startAt":1786883453681,"status":"failed","title":"should be defined"}],"endTime":1786883453747,"message":"  ● CreatorsService › should be defined\n\n    Nest can't resolve dependencies of the CreatorsService (?). Please make sure that the argument PrismaService at index [0] is available in the RootTestModule module.\n\n    Potential solutions:\n    - Is RootTestModule a valid NestJS module?\n    - If PrismaService is a provider, is it part of the current RootTestModule?\n    - If PrismaService is exported from a separate @Module, is that module imported within RootTestModule?\n      @Module({\n        imports: [ /* the Module containing PrismaService */ ]\n      })\n\n    For more common dependency resolution issues, see: https://docs.nestjs.com/faq/common-errors\n\n    \u001b[0m \u001b[90m  6 |\u001b[39m\n     \u001b[90m  7 |\u001b[39m   beforeEach(\u001b[36masync\u001b[39m () \u001b[33m=>\u001b[39m {\n    \u001b[31m\u001b[1m>\u001b[22m\u001b[39m\u001b[90m  8 |\u001b[39m     \u001b[36mconst\u001b[39m module\u001b[33m:\u001b[39m \u001b[33mTestingModule\u001b[39m \u001b[33m=\u001b[39m \u001b[36mawait\u001b[39m \u001b[33mTest\u001b[39m\u001b[33m.\u001b[39mcreateTestingModule({\n     \u001b[90m    |\u001b[39m                                   \u001b[31m\u001b[1m^\u001b[22m\u001b[39m\n     \u001b[90m  9 |\u001b[39m       providers\u001b[33m:\u001b[39m [\u001b[33mCreatorsService\u001b[39m]\u001b[33m,\u001b[39m\n     \u001b[90m 10 |\u001b[39m     })\u001b[33m.\u001b[39mcompile()\u001b[33m;\u001b[39m\n     \u001b[90m 11 |\u001b[39m\u001b[0m\n\n      at TestingInjector.lookupComponentInParentModules (../node_modules/@nestjs/core/injector/injector.js:300:19)\n      at TestingInjector.resolveComponentWrapper (../node_modules/@nestjs/testing/testing-injector.js:19:45)\n      at resolveParam (../node_modules/@nestjs/core/injector/injector.js:150:38)\n          at async Promise.all (index 0)\n      at TestingInjector.resolveConstructorParams (../node_modules/@nestjs/core/injector/injector.js:179:27)\n      at TestingInjector.loadInstance (../node_modules/@nestjs/core/injector/injector.js:77:13)\n      at TestingInjector.loadProvider (../node_modules/@nestjs/core/injector/injector.js:111:9)\n      at ../node_modules/@nestjs/core/injector/instance-loader.js:56:13\n          at async Promise.all (index 3)\n      at TestingInstanceLoader.createInstancesOfProviders (../node_modules/@nestjs/core/injector/instance-loader.js:55:9)\n      at ../node_modules/@nestjs/core/injector/instance-loader.js:40:13\n          at async Promise.all (index 1)\n      at TestingInstanceLoader.createInstances (../node_modules/@nestjs/core/injector/instance-loader.js:39:9)\n      at TestingInstanceLoader.createInstancesOfDependencies (../node_modules/@nestjs/core/injector/instance-loader.js:22:13)\n      at TestingInstanceLoader.createInstancesOfDependencies (../node_modules/@nestjs/testing/testing-instance-loader.js:9:9)\n      at TestingModuleBuilder.createInstancesOfDependencies (../node_modules/@nestjs/testing/testing-module.builder.js:119:9)\n      at TestingModuleBuilder.compile (../node_modules/@nestjs/testing/testing-module.builder.js:74:9)\n      at Object.<anonymous> (creators/creators.service.spec.ts:8:35)\n","name":"D:\\Desktop\\Vault\\PROJECT\\ASHEN\\backend\\src\\creators\\creators.service.spec.ts","startTime":1786883447214,"status":"failed","summary":""},{"assertionResults":[{"ancestorTitles":["SearchController"],"duration":36,"failing":false,"failureDetails":[{"type":"SearchController","context":{"index":0,"dependencies":[null]},"metadata":{"id":"1c5e6360eb32db2c9652d"},"moduleRef":{"id":"d6530430dd1c5e6360eb3"}}],"failureMessages":["Error: Nest can't resolve dependencies of the SearchController (?). Please make sure that the argument SearchService at index [0] is available in the RootTestModule module.\n\nPotential solutions:\n- Is RootTestModule a valid NestJS module?\n- If SearchService is a provider, is it part of the current RootTestModule?\n- If SearchService is exported from a separate @Module, is that module imported within RootTestModule?\n  @Module({\n    imports: [ /* the Module containing SearchService */ ]\n  })\n\nFor more common dependency resolution issues, see: https://docs.nestjs.com/faq/common-errors\n    at TestingInjector.lookupComponentInParentModules (D:\\Desktop\\Vault\\PROJECT\\ASHEN\\backend\\node_modules\\@nestjs\\core\\injector\\injector.js:300:19)\n    at processTicksAndRejections (node:internal/process/task_queues:104:5)\n    at TestingInjector.resolveComponentWrapper (D:\\Desktop\\Vault\\PROJECT\\ASHEN\\backend\\node_modules\\@nestjs\\testing\\testing-injector.js:19:45)\n    at resolveParam (D:\\Desktop\\Vault\\PROJECT\\ASHEN\\backend\\node_modules\\@nestjs\\core\\injector\\injector.js:150:38)\n    at async Promise.all (index 0)\n    at TestingInjector.resolveConstructorParams (D:\\Desktop\\Vault\\PROJECT\\ASHEN\\backend\\node_modules\\@nestjs\\core\\injector\\injector.js:179:27)\n    at TestingInjector.loadInstance (D:\\Desktop\\Vault\\PROJECT\\ASHEN\\backend\\node_modules\\@nestjs\\core\\injector\\injector.js:77:13)\n    at TestingInjector.loadController (D:\\Desktop\\Vault\\PROJECT\\ASHEN\\backend\\node_modules\\@nestjs\\core\\injector\\injector.js:99:9)\n    at D:\\Desktop\\Vault\\PROJECT\\ASHEN\\backend\\node_modules\\@nestjs\\core\\injector\\instance-loader.js:68:13\n    at async Promise.all (index 0)\n    at TestingInstanceLoader.createInstancesOfControllers (D:\\Desktop\\Vault\\PROJECT\\ASHEN\\backend\\node_modules\\@nestjs\\core\\injector\\instance-loader.js:67:9)\n    at D:\\Desktop\\Vault\\PROJECT\\ASHEN\\backend\\node_modules\\@nestjs\\core\\injector\\instance-loader.js:42:13\n    at async Promise.all (index 1)\n    at TestingInstanceLoader.createInstances (D:\\Desktop\\Vault\\PROJECT\\ASHEN\\backend\\node_modules\\@nestjs\\core\\injector\\instance-loader.js:39:9)\n    at TestingInstanceLoader.createInstancesOfDependencies (D:\\Desktop\\Vault\\PROJECT\\ASHEN\\backend\\node_modules\\@nestjs\\core\\injector\\instance-loader.js:22:13)\n    at TestingInstanceLoader.createInstancesOfDependencies (D:\\Desktop\\Vault\\PROJECT\\ASHEN\\backend\\node_modules\\@nestjs\\testing\\testing-instance-loader.js:9:9)\n    at TestingModuleBuilder.createInstancesOfDependencies (D:\\Desktop\\Vault\\PROJECT\\ASHEN\\backend\\node_modules\\@nestjs\\testing\\testing-module.builder.js:119:9)\n    at TestingModuleBuilder.compile (D:\\Desktop\\Vault\\PROJECT\\ASHEN\\backend\\node_modules\\@nestjs\\testing\\testing-module.builder.js:74:9)\n    at Object.<anonymous> (D:\\Desktop\\Vault\\PROJECT\\ASHEN\\backend\\src\\search\\search.controller.spec.ts:8:35)"],"fullName":"SearchController should be defined","invocations":1,"location":null,"numPassingAsserts":0,"retryReasons":[],"startAt":1786883453748,"status":"failed","title":"should be defined"}],"endTime":1786883453820,"message":"  ● SearchController › should be defined\n\n    Nest can't resolve dependencies of the SearchController (?). Please make sure that the argument SearchService at index [0] is available in the RootTestModule module.\n\n    Potential solutions:\n    - Is RootTestModule a valid NestJS module?\n    - If SearchService is a provider, is it part of the current RootTestModule?\n    - If SearchService is exported from a separate @Module, is that module imported within RootTestModule?\n      @Module({\n        imports: [ /* the Module containing SearchService */ ]\n      })\n\n    For more common dependency resolution issues, see: https://docs.nestjs.com/faq/common-errors\n\n    \u001b[0m \u001b[90m  6 |\u001b[39m\n     \u001b[90m  7 |\u001b[39m   beforeEach(\u001b[36masync\u001b[39m () \u001b[33m=>\u001b[39m {\n    \u001b[31m\u001b[1m>\u001b[22m\u001b[39m\u001b[90m  8 |\u001b[39m     \u001b[36mconst\u001b[39m module\u001b[33m:\u001b[39m \u001b[33mTestingModule\u001b[39m \u001b[33m=\u001b[39m \u001b[36mawait\u001b[39m \u001b[33mTest\u001b[39m\u001b[33m.\u001b[39mcreateTestingModule({\n     \u001b[90m    |\u001b[39m                                   \u001b[31m\u001b[1m^\u001b[22m\u001b[39m\n     \u001b[90m  9 |\u001b[39m       controllers\u001b[33m:\u001b[39m [\u001b[33mSearchController\u001b[39m]\u001b[33m,\u001b[39m\n     \u001b[90m 10 |\u001b[39m     })\u001b[33m.\u001b[39mcompile()\u001b[33m;\u001b[39m\n     \u001b[90m 11 |\u001b[39m\u001b[0m\n\n      at TestingInjector.lookupComponentInParentModules (../node_modules/@nestjs/core/injector/injector.js:300:19)\n      at TestingInjector.resolveComponentWrapper (../node_modules/@nestjs/testing/testing-injector.js:19:45)\n      at resolveParam (../node_modules/@nestjs/core/injector/injector.js:150:38)\n          at async Promise.all (index 0)\n      at TestingInjector.resolveConstructorParams (../node_modules/@nestjs/core/injector/injector.js:179:27)\n      at TestingInjector.loadInstance (../node_modules/@nestjs/core/injector/injector.js:77:13)\n      at TestingInjector.loadController (../node_modules/@nestjs/core/injector/injector.js:99:9)\n      at ../node_modules/@nestjs/core/injector/instance-loader.js:68:13\n          at async Promise.all (index 0)\n      at TestingInstanceLoader.createInstancesOfControllers (../node_modules/@nestjs/core/injector/instance-loader.js:67:9)\n      at ../node_modules/@nestjs/core/injector/instance-loader.js:42:13\n          at async Promise.all (index 1)\n      at TestingInstanceLoader.createInstances (../node_modules/@nestjs/core/injector/instance-loader.js:39:9)\n      at TestingInstanceLoader.createInstancesOfDependencies (../node_modules/@nestjs/core/injector/instance-loader.js:22:13)\n      at TestingInstanceLoader.createInstancesOfDependencies (../node_modules/@nestjs/testing/testing-instance-loader.js:9:9)\n      at TestingModuleBuilder.createInstancesOfDependencies (../node_modules/@nestjs/testing/testing-module.builder.js:119:9)\n      at TestingModuleBuilder.compile (../node_modules/@nestjs/testing/testing-module.builder.js:74:9)\n      at Object.<anonymous> (search/search.controller.spec.ts:8:35)\n","name":"D:\\Desktop\\Vault\\PROJECT\\ASHEN\\backend\\src\\search\\search.controller.spec.ts","startTime":1786883447256,"status":"failed","summary":""},{"assertionResults":[{"ancestorTitles":["ProductsService"],"duration":24,"failing":false,"failureDetails":[{"type":"ProductsService","context":{"index":0,"dependencies":[null]},"metadata":{"id":"2001dd5fb98668dec3ba4"},"moduleRef":{"id":"5d7733ae8d2001dd5fb98"}}],"failureMessages":["Error: Nest can't resolve dependencies of the ProductsService (?). Please make sure that the argument PrismaService at index [0] is available in the RootTestModule module.\n\nPotential solutions:\n- Is RootTestModule a valid NestJS module?\n- If PrismaService is a provider, is it part of the current RootTestModule?\n- If PrismaService is exported from a separate @Module, is that module imported within RootTestModule?\n  @Module({\n    imports: [ /* the Module containing PrismaService */ ]\n  })\n\nFor more common dependency resolution issues, see: https://docs.nestjs.com/faq/common-errors\n    at TestingInjector.lookupComponentInParentModules (D:\\Desktop\\Vault\\PROJECT\\ASHEN\\backend\\node_modules\\@nestjs\\core\\injector\\injector.js:300:19)\n    at processTicksAndRejections (node:internal/process/task_queues:104:5)\n    at TestingInjector.resolveComponentWrapper (D:\\Desktop\\Vault\\PROJECT\\ASHEN\\backend\\node_modules\\@nestjs\\testing\\testing-injector.js:19:45)\n    at resolveParam (D:\\Desktop\\Vault\\PROJECT\\ASHEN\\backend\\node_modules\\@nestjs\\core\\injector\\injector.js:150:38)\n    at async Promise.all (index 0)\n    at TestingInjector.resolveConstructorParams (D:\\Desktop\\Vault\\PROJECT\\ASHEN\\backend\\node_modules\\@nestjs\\core\\injector\\injector.js:179:27)\n    at TestingInjector.loadInstance (D:\\Desktop\\Vault\\PROJECT\\ASHEN\\backend\\node_modules\\@nestjs\\core\\injector\\injector.js:77:13)\n    at TestingInjector.loadProvider (D:\\Desktop\\Vault\\PROJECT\\ASHEN\\backend\\node_modules\\@nestjs\\core\\injector\\injector.js:111:9)\n    at D:\\Desktop\\Vault\\PROJECT\\ASHEN\\backend\\node_modules\\@nestjs\\core\\injector\\instance-loader.js:56:13\n    at async Promise.all (index 3)\n    at TestingInstanceLoader.createInstancesOfProviders (D:\\Desktop\\Vault\\PROJECT\\ASHEN\\backend\\node_modules\\@nestjs\\core\\injector\\instance-loader.js:55:9)\n    at D:\\Desktop\\Vault\\PROJECT\\ASHEN\\backend\\node_modules\\@nestjs\\core\\injector\\instance-loader.js:40:13\n    at async Promise.all (index 1)\n    at TestingInstanceLoader.createInstances (D:\\Desktop\\Vault\\PROJECT\\ASHEN\\backend\\node_modules\\@nestjs\\core\\injector\\instance-loader.js:39:9)\n    at TestingInstanceLoader.createInstancesOfDependencies (D:\\Desktop\\Vault\\PROJECT\\ASHEN\\backend\\node_modules\\@nestjs\\core\\injector\\instance-loader.js:22:13)\n    at TestingInstanceLoader.createInstancesOfDependencies (D:\\Desktop\\Vault\\PROJECT\\ASHEN\\backend\\node_modules\\@nestjs\\testing\\testing-instance-loader.js:9:9)\n    at TestingModuleBuilder.createInstancesOfDependencies (D:\\Desktop\\Vault\\PROJECT\\ASHEN\\backend\\node_modules\\@nestjs\\testing\\testing-module.builder.js:119:9)\n    at TestingModuleBuilder.compile (D:\\Desktop\\Vault\\PROJECT\\ASHEN\\backend\\node_modules\\@nestjs\\testing\\testing-module.builder.js:74:9)\n    at Object.<anonymous> (D:\\Desktop\\Vault\\PROJECT\\ASHEN\\backend\\src\\products\\products.service.spec.ts:8:35)"],"fullName":"ProductsService should be defined","invocations":1,"location":null,"numPassingAsserts":0,"retryReasons":[],"startAt":1786883453781,"status":"failed","title":"should be defined"}],"endTime":1786883453849,"message":"  ● ProductsService › should be defined\n\n    Nest can't resolve dependencies of the ProductsService (?). Please make sure that the argument PrismaService at index [0] is available in the RootTestModule module.\n\n    Potential solutions:\n    - Is RootTestModule a valid NestJS module?\n    - If PrismaService is a provider, is it part of the current RootTestModule?\n    - If PrismaService is exported from a separate @Module, is that module imported within RootTestModule?\n      @Module({\n        imports: [ /* the Module containing PrismaService */ ]\n      })\n\n    For more common dependency resolution issues, see: https://docs.nestjs.com/faq/common-errors\n\n    \u001b[0m \u001b[90m  6 |\u001b[39m\n     \u001b[90m  7 |\u001b[39m   beforeEach(\u001b[36masync\u001b[39m () \u001b[33m=>\u001b[39m {\n    \u001b[31m\u001b[1m>\u001b[22m\u001b[39m\u001b[90m  8 |\u001b[39m     \u001b[36mconst\u001b[39m module\u001b[33m:\u001b[39m \u001b[33mTestingModule\u001b[39m \u001b[33m=\u001b[39m \u001b[36mawait\u001b[39m \u001b[33mTest\u001b[39m\u001b[33m.\u001b[39mcreateTestingModule({\n     \u001b[90m    |\u001b[39m                                   \u001b[31m\u001b[1m^\u001b[22m\u001b[39m\n     \u001b[90m  9 |\u001b[39m       providers\u001b[33m:\u001b[39m [\u001b[33mProductsService\u001b[39m]\u001b[33m,\u001b[39m\n     \u001b[90m 10 |\u001b[39m     })\u001b[33m.\u001b[39mcompile()\u001b[33m;\u001b[39m\n     \u001b[90m 11 |\u001b[39m\u001b[0m\n\n      at TestingInjector.lookupComponentInParentModules (../node_modules/@nestjs/core/injector/injector.js:300:19)\n      at TestingInjector.resolveComponentWrapper (../node_modules/@nestjs/testing/testing-injector.js:19:45)\n      at resolveParam (../node_modules/@nestjs/core/injector/injector.js:150:38)\n          at async Promise.all (index 0)\n      at TestingInjector.resolveConstructorParams (../node_modules/@nestjs/core/injector/injector.js:179:27)\n      at TestingInjector.loadInstance (../node_modules/@nestjs/core/injector/injector.js:77:13)\n      at TestingInjector.loadProvider (../node_modules/@nestjs/core/injector/injector.js:111:9)\n      at ../node_modules/@nestjs/core/injector/instance-loader.js:56:13\n          at async Promise.all (index 3)\n      at TestingInstanceLoader.createInstancesOfProviders (../node_modules/@nestjs/core/injector/instance-loader.js:55:9)\n      at ../node_modules/@nestjs/core/injector/instance-loader.js:40:13\n          at async Promise.all (index 1)\n      at TestingInstanceLoader.createInstances (../node_modules/@nestjs/core/injector/instance-loader.js:39:9)\n      at TestingInstanceLoader.createInstancesOfDependencies (../node_modules/@nestjs/core/injector/instance-loader.js:22:13)\n      at TestingInstanceLoader.createInstancesOfDependencies (../node_modules/@nestjs/testing/testing-instance-loader.js:9:9)\n      at TestingModuleBuilder.createInstancesOfDependencies (../node_modules/@nestjs/testing/testing-module.builder.js:119:9)\n      at TestingModuleBuilder.compile (../node_modules/@nestjs/testing/testing-module.builder.js:74:9)\n      at Object.<anonymous> (products/products.service.spec.ts:8:35)\n","name":"D:\\Desktop\\Vault\\PROJECT\\ASHEN\\backend\\src\\products\\products.service.spec.ts","startTime":1786883447254,"status":"failed","summary":""},{"assertionResults":[{"ancestorTitles":["UsersService"],"duration":26,"failing":false,"failureDetails":[{"type":"UsersService","context":{"index":0,"dependencies":[null]},"metadata":{"id":"e2cee1bd6ba6c69edeab6"},"moduleRef":{"id":"0363f9fa56e2cee1bd6ba"}}],"failureMessages":["Error: Nest can't resolve dependencies of the UsersService (?). Please make sure that the argument PrismaService at index [0] is available in the RootTestModule module.\n\nPotential solutions:\n- Is RootTestModule a valid NestJS module?\n- If PrismaService is a provider, is it part of the current RootTestModule?\n- If PrismaService is exported from a separate @Module, is that module imported within RootTestModule?\n  @Module({\n    imports: [ /* the Module containing PrismaService */ ]\n  })\n\nFor more common dependency resolution issues, see: https://docs.nestjs.com/faq/common-errors\n    at TestingInjector.lookupComponentInParentModules (D:\\Desktop\\Vault\\PROJECT\\ASHEN\\backend\\node_modules\\@nestjs\\core\\injector\\injector.js:300:19)\n    at processTicksAndRejections (node:internal/process/task_queues:104:5)\n    at TestingInjector.resolveComponentWrapper (D:\\Desktop\\Vault\\PROJECT\\ASHEN\\backend\\node_modules\\@nestjs\\testing\\testing-injector.js:19:45)\n    at resolveParam (D:\\Desktop\\Vault\\PROJECT\\ASHEN\\backend\\node_modules\\@nestjs\\core\\injector\\injector.js:150:38)\n    at async Promise.all (index 0)\n    at TestingInjector.resolveConstructorParams (D:\\Desktop\\Vault\\PROJECT\\ASHEN\\backend\\node_modules\\@nestjs\\core\\injector\\injector.js:179:27)\n    at TestingInjector.loadInstance (D:\\Desktop\\Vault\\PROJECT\\ASHEN\\backend\\node_modules\\@nestjs\\core\\injector\\injector.js:77:13)\n    at TestingInjector.loadProvider (D:\\Desktop\\Vault\\PROJECT\\ASHEN\\backend\\node_modules\\@nestjs\\core\\injector\\injector.js:111:9)\n    at D:\\Desktop\\Vault\\PROJECT\\ASHEN\\backend\\node_modules\\@nestjs\\core\\injector\\instance-loader.js:56:13\n    at async Promise.all (index 3)\n    at TestingInstanceLoader.createInstancesOfProviders (D:\\Desktop\\Vault\\PROJECT\\ASHEN\\backend\\node_modules\\@nestjs\\core\\injector\\instance-loader.js:55:9)\n    at D:\\Desktop\\Vault\\PROJECT\\ASHEN\\backend\\node_modules\\@nestjs\\core\\injector\\instance-loader.js:40:13\n    at async Promise.all (index 1)\n    at TestingInstanceLoader.createInstances (D:\\Desktop\\Vault\\PROJECT\\ASHEN\\backend\\node_modules\\@nestjs\\core\\injector\\instance-loader.js:39:9)\n    at TestingInstanceLoader.createInstancesOfDependencies (D:\\Desktop\\Vault\\PROJECT\\ASHEN\\backend\\node_modules\\@nestjs\\core\\injector\\instance-loader.js:22:13)\n    at TestingInstanceLoader.createInstancesOfDependencies (D:\\Desktop\\Vault\\PROJECT\\ASHEN\\backend\\node_modules\\@nestjs\\testing\\testing-instance-loader.js:9:9)\n    at TestingModuleBuilder.createInstancesOfDependencies (D:\\Desktop\\Vault\\PROJECT\\ASHEN\\backend\\node_modules\\@nestjs\\testing\\testing-module.builder.js:119:9)\n    at TestingModuleBuilder.compile (D:\\Desktop\\Vault\\PROJECT\\ASHEN\\backend\\node_modules\\@nestjs\\testing\\testing-module.builder.js:74:9)\n    at Object.<anonymous> (D:\\Desktop\\Vault\\PROJECT\\ASHEN\\backend\\src\\users\\users.service.spec.ts:8:35)"],"fullName":"UsersService should be defined","invocations":1,"location":null,"numPassingAsserts":0,"retryReasons":[],"startAt":1786883453789,"status":"failed","title":"should be defined"}],"endTime":1786883453858,"message":"  ● UsersService › should be defined\n\n    Nest can't resolve dependencies of the UsersService (?). Please make sure that the argument PrismaService at index [0] is available in the RootTestModule module.\n\n    Potential solutions:\n    - Is RootTestModule a valid NestJS module?\n    - If PrismaService is a provider, is it part of the current RootTestModule?\n    - If PrismaService is exported from a separate @Module, is that module imported within RootTestModule?\n      @Module({\n        imports: [ /* the Module containing PrismaService */ ]\n      })\n\n    For more common dependency resolution issues, see: https://docs.nestjs.com/faq/common-errors\n\n    \u001b[0m \u001b[90m  6 |\u001b[39m\n     \u001b[90m  7 |\u001b[39m   beforeEach(\u001b[36masync\u001b[39m () \u001b[33m=>\u001b[39m {\n    \u001b[31m\u001b[1m>\u001b[22m\u001b[39m\u001b[90m  8 |\u001b[39m     \u001b[36mconst\u001b[39m module\u001b[33m:\u001b[39m \u001b[33mTestingModule\u001b[39m \u001b[33m=\u001b[39m \u001b[36mawait\u001b[39m \u001b[33mTest\u001b[39m\u001b[33m.\u001b[39mcreateTestingModule({\n     \u001b[90m    |\u001b[39m                                   \u001b[31m\u001b[1m^\u001b[22m\u001b[39m\n     \u001b[90m  9 |\u001b[39m       providers\u001b[33m:\u001b[39m [\u001b[33mUsersService\u001b[39m]\u001b[33m,\u001b[39m\n     \u001b[90m 10 |\u001b[39m     })\u001b[33m.\u001b[39mcompile()\u001b[33m;\u001b[39m\n     \u001b[90m 11 |\u001b[39m\u001b[0m\n\n      at TestingInjector.lookupComponentInParentModules (../node_modules/@nestjs/core/injector/injector.js:300:19)\n      at TestingInjector.resolveComponentWrapper (../node_modules/@nestjs/testing/testing-injector.js:19:45)\n      at resolveParam (../node_modules/@nestjs/core/injector/injector.js:150:38)\n          at async Promise.all (index 0)\n      at TestingInjector.resolveConstructorParams (../node_modules/@nestjs/core/injector/injector.js:179:27)\n      at TestingInjector.loadInstance (../node_modules/@nestjs/core/injector/injector.js:77:13)\n      at TestingInjector.loadProvider (../node_modules/@nestjs/core/injector/injector.js:111:9)\n      at ../node_modules/@nestjs/core/injector/instance-loader.js:56:13\n          at async Promise.all (index 3)\n      at TestingInstanceLoader.createInstancesOfProviders (../node_modules/@nestjs/core/injector/instance-loader.js:55:9)\n      at ../node_modules/@nestjs/core/injector/instance-loader.js:40:13\n          at async Promise.all (index 1)\n      at TestingInstanceLoader.createInstances (../node_modules/@nestjs/core/injector/instance-loader.js:39:9)\n      at TestingInstanceLoader.createInstancesOfDependencies (../node_modules/@nestjs/core/injector/instance-loader.js:22:13)\n      at TestingInstanceLoader.createInstancesOfDependencies (../node_modules/@nestjs/testing/testing-instance-loader.js:9:9)\n      at TestingModuleBuilder.createInstancesOfDependencies (../node_modules/@nestjs/testing/testing-module.builder.js:119:9)\n      at TestingModuleBuilder.compile (../node_modules/@nestjs/testing/testing-module.builder.js:74:9)\n      at Object.<anonymous> (users/users.service.spec.ts:8:35)\n","name":"D:\\Desktop\\Vault\\PROJECT\\ASHEN\\backend\\src\\users\\users.service.spec.ts","startTime":1786883447260,"status":"failed","summary":""},{"assertionResults":[{"ancestorTitles":["ShowroomsService"],"duration":27,"failing":false,"failureDetails":[{"type":"ShowroomsService","context":{"index":0,"dependencies":[null]},"metadata":{"id":"ddc69bf65295bcced040a"},"moduleRef":{"id":"3467d6bf2bddc69bf6529"}}],"failureMessages":["Error: Nest can't resolve dependencies of the ShowroomsService (?). Please make sure that the argument PrismaService at index [0] is available in the RootTestModule module.\n\nPotential solutions:\n- Is RootTestModule a valid NestJS module?\n- If PrismaService is a provider, is it part of the current RootTestModule?\n- If PrismaService is exported from a separate @Module, is that module imported within RootTestModule?\n  @Module({\n    imports: [ /* the Module containing PrismaService */ ]\n  })\n\nFor more common dependency resolution issues, see: https://docs.nestjs.com/faq/common-errors\n    at TestingInjector.lookupComponentInParentModules (D:\\Desktop\\Vault\\PROJECT\\ASHEN\\backend\\node_modules\\@nestjs\\core\\injector\\injector.js:300:19)\n    at processTicksAndRejections (node:internal/process/task_queues:104:5)\n    at TestingInjector.resolveComponentWrapper (D:\\Desktop\\Vault\\PROJECT\\ASHEN\\backend\\node_modules\\@nestjs\\testing\\testing-injector.js:19:45)\n    at resolveParam (D:\\Desktop\\Vault\\PROJECT\\ASHEN\\backend\\node_modules\\@nestjs\\core\\injector\\injector.js:150:38)\n    at async Promise.all (index 0)\n    at TestingInjector.resolveConstructorParams (D:\\Desktop\\Vault\\PROJECT\\ASHEN\\backend\\node_modules\\@nestjs\\core\\injector\\injector.js:179:27)\n    at TestingInjector.loadInstance (D:\\Desktop\\Vault\\PROJECT\\ASHEN\\backend\\node_modules\\@nestjs\\core\\injector\\injector.js:77:13)\n    at TestingInjector.loadProvider (D:\\Desktop\\Vault\\PROJECT\\ASHEN\\backend\\node_modules\\@nestjs\\core\\injector\\injector.js:111:9)\n    at D:\\Desktop\\Vault\\PROJECT\\ASHEN\\backend\\node_modules\\@nestjs\\core\\injector\\instance-loader.js:56:13\n    at async Promise.all (index 3)\n    at TestingInstanceLoader.createInstancesOfProviders (D:\\Desktop\\Vault\\PROJECT\\ASHEN\\backend\\node_modules\\@nestjs\\core\\injector\\instance-loader.js:55:9)\n    at D:\\Desktop\\Vault\\PROJECT\\ASHEN\\backend\\node_modules\\@nestjs\\core\\injector\\instance-loader.js:40:13\n    at async Promise.all (index 1)\n    at TestingInstanceLoader.createInstances (D:\\Desktop\\Vault\\PROJECT\\ASHEN\\backend\\node_modules\\@nestjs\\core\\injector\\instance-loader.js:39:9)\n    at TestingInstanceLoader.createInstancesOfDependencies (D:\\Desktop\\Vault\\PROJECT\\ASHEN\\backend\\node_modules\\@nestjs\\core\\injector\\instance-loader.js:22:13)\n    at TestingInstanceLoader.createInstancesOfDependencies (D:\\Desktop\\Vault\\PROJECT\\ASHEN\\backend\\node_modules\\@nestjs\\testing\\testing-instance-loader.js:9:9)\n    at TestingModuleBuilder.createInstancesOfDependencies (D:\\Desktop\\Vault\\PROJECT\\ASHEN\\backend\\node_modules\\@nestjs\\testing\\testing-module.builder.js:119:9)\n    at TestingModuleBuilder.compile (D:\\Desktop\\Vault\\PROJECT\\ASHEN\\backend\\node_modules\\@nestjs\\testing\\testing-module.builder.js:74:9)\n    at Object.<anonymous> (D:\\Desktop\\Vault\\PROJECT\\ASHEN\\backend\\src\\showrooms\\showrooms.service.spec.ts:8:35)"],"fullName":"ShowroomsService should be defined","invocations":1,"location":null,"numPassingAsserts":0,"retryReasons":[],"startAt":1786883453784,"status":"failed","title":"should be defined"}],"endTime":1786883453865,"message":"  ● ShowroomsService › should be defined\n\n    Nest can't resolve dependencies of the ShowroomsService (?). Please make sure that the argument PrismaService at index [0] is available in the RootTestModule module.\n\n    Potential solutions:\n    - Is RootTestModule a valid NestJS module?\n    - If PrismaService is a provider, is it part of the current RootTestModule?\n    - If PrismaService is exported from a separate @Module, is that module imported within RootTestModule?\n      @Module({\n        imports: [ /* the Module containing PrismaService */ ]\n      })\n\n    For more common dependency resolution issues, see: https://docs.nestjs.com/faq/common-errors\n\n    \u001b[0m \u001b[90m  6 |\u001b[39m\n     \u001b[90m  7 |\u001b[39m   beforeEach(\u001b[36masync\u001b[39m () \u001b[33m=>\u001b[39m {\n    \u001b[31m\u001b[1m>\u001b[22m\u001b[39m\u001b[90m  8 |\u001b[39m     \u001b[36mconst\u001b[39m module\u001b[33m:\u001b[39m \u001b[33mTestingModule\u001b[39m \u001b[33m=\u001b[39m \u001b[36mawait\u001b[39m \u001b[33mTest\u001b[39m\u001b[33m.\u001b[39mcreateTestingModule({\n     \u001b[90m    |\u001b[39m                                   \u001b[31m\u001b[1m^\u001b[22m\u001b[39m\n     \u001b[90m  9 |\u001b[39m       providers\u001b[33m:\u001b[39m [\u001b[33mShowroomsService\u001b[39m]\u001b[33m,\u001b[39m\n     \u001b[90m 10 |\u001b[39m     })\u001b[33m.\u001b[39mcompile()\u001b[33m;\u001b[39m\n     \u001b[90m 11 |\u001b[39m\u001b[0m\n\n      at TestingInjector.lookupComponentInParentModules (../node_modules/@nestjs/core/injector/injector.js:300:19)\n      at TestingInjector.resolveComponentWrapper (../node_modules/@nestjs/testing/testing-injector.js:19:45)\n      at resolveParam (../node_modules/@nestjs/core/injector/injector.js:150:38)\n          at async Promise.all (index 0)\n      at TestingInjector.resolveConstructorParams (../node_modules/@nestjs/core/injector/injector.js:179:27)\n      at TestingInjector.loadInstance (../node_modules/@nestjs/core/injector/injector.js:77:13)\n      at TestingInjector.loadProvider (../node_modules/@nestjs/core/injector/injector.js:111:9)\n      at ../node_modules/@nestjs/core/injector/instance-loader.js:56:13\n          at async Promise.all (index 3)\n      at TestingInstanceLoader.createInstancesOfProviders (../node_modules/@nestjs/core/injector/instance-loader.js:55:9)\n      at ../node_modules/@nestjs/core/injector/instance-loader.js:40:13\n          at async Promise.all (index 1)\n      at TestingInstanceLoader.createInstances (../node_modules/@nestjs/core/injector/instance-loader.js:39:9)\n      at TestingInstanceLoader.createInstancesOfDependencies (../node_modules/@nestjs/core/injector/instance-loader.js:22:13)\n      at TestingInstanceLoader.createInstancesOfDependencies (../node_modules/@nestjs/testing/testing-instance-loader.js:9:9)\n      at TestingModuleBuilder.createInstancesOfDependencies (../node_modules/@nestjs/testing/testing-module.builder.js:119:9)\n      at TestingModuleBuilder.compile (../node_modules/@nestjs/testing/testing-module.builder.js:74:9)\n      at Object.<anonymous> (showrooms/showrooms.service.spec.ts:8:35)\n","name":"D:\\Desktop\\Vault\\PROJECT\\ASHEN\\backend\\src\\showrooms\\showrooms.service.spec.ts","startTime":1786883447255,"status":"failed","summary":""},{"assertionResults":[{"ancestorTitles":["SearchService"],"duration":24,"failing":false,"failureDetails":[{"type":"SearchService","context":{"index":0,"dependencies":[null]},"metadata":{"id":"33f6e4f25ebb284ebb425"},"moduleRef":{"id":"3b89a587e733f6e4f25eb"}}],"failureMessages":["Error: Nest can't resolve dependencies of the SearchService (?). Please make sure that the argument PrismaService at index [0] is available in the RootTestModule module.\n\nPotential solutions:\n- Is RootTestModule a valid NestJS module?\n- If PrismaService is a provider, is it part of the current RootTestModule?\n- If PrismaService is exported from a separate @Module, is that module imported within RootTestModule?\n  @Module({\n    imports: [ /* the Module containing PrismaService */ ]\n  })\n\nFor more common dependency resolution issues, see: https://docs.nestjs.com/faq/common-errors\n    at TestingInjector.lookupComponentInParentModules (D:\\Desktop\\Vault\\PROJECT\\ASHEN\\backend\\node_modules\\@nestjs\\core\\injector\\injector.js:300:19)\n    at processTicksAndRejections (node:internal/process/task_queues:104:5)\n    at TestingInjector.resolveComponentWrapper (D:\\Desktop\\Vault\\PROJECT\\ASHEN\\backend\\node_modules\\@nestjs\\testing\\testing-injector.js:19:45)\n    at resolveParam (D:\\Desktop\\Vault\\PROJECT\\ASHEN\\backend\\node_modules\\@nestjs\\core\\injector\\injector.js:150:38)\n    at async Promise.all (index 0)\n    at TestingInjector.resolveConstructorParams (D:\\Desktop\\Vault\\PROJECT\\ASHEN\\backend\\node_modules\\@nestjs\\core\\injector\\injector.js:179:27)\n    at TestingInjector.loadInstance (D:\\Desktop\\Vault\\PROJECT\\ASHEN\\backend\\node_modules\\@nestjs\\core\\injector\\injector.js:77:13)\n    at TestingInjector.loadProvider (D:\\Desktop\\Vault\\PROJECT\\ASHEN\\backend\\node_modules\\@nestjs\\core\\injector\\injector.js:111:9)\n    at D:\\Desktop\\Vault\\PROJECT\\ASHEN\\backend\\node_modules\\@nestjs\\core\\injector\\instance-loader.js:56:13\n    at async Promise.all (index 3)\n    at TestingInstanceLoader.createInstancesOfProviders (D:\\Desktop\\Vault\\PROJECT\\ASHEN\\backend\\node_modules\\@nestjs\\core\\injector\\instance-loader.js:55:9)\n    at D:\\Desktop\\Vault\\PROJECT\\ASHEN\\backend\\node_modules\\@nestjs\\core\\injector\\instance-loader.js:40:13\n    at async Promise.all (index 1)\n    at TestingInstanceLoader.createInstances (D:\\Desktop\\Vault\\PROJECT\\ASHEN\\backend\\node_modules\\@nestjs\\core\\injector\\instance-loader.js:39:9)\n    at TestingInstanceLoader.createInstancesOfDependencies (D:\\Desktop\\Vault\\PROJECT\\ASHEN\\backend\\node_modules\\@nestjs\\core\\injector\\instance-loader.js:22:13)\n    at TestingInstanceLoader.createInstancesOfDependencies (D:\\Desktop\\Vault\\PROJECT\\ASHEN\\backend\\node_modules\\@nestjs\\testing\\testing-instance-loader.js:9:9)\n    at TestingModuleBuilder.createInstancesOfDependencies (D:\\Desktop\\Vault\\PROJECT\\ASHEN\\backend\\node_modules\\@nestjs\\testing\\testing-module.builder.js:119:9)\n    at TestingModuleBuilder.compile (D:\\Desktop\\Vault\\PROJECT\\ASHEN\\backend\\node_modules\\@nestjs\\testing\\testing-module.builder.js:74:9)\n    at Object.<anonymous> (D:\\Desktop\\Vault\\PROJECT\\ASHEN\\backend\\src\\search\\search.service.spec.ts:8:35)"],"fullName":"SearchService should be defined","invocations":1,"location":null,"numPassingAsserts":0,"retryReasons":[],"startAt":1786883453787,"status":"failed","title":"should be defined"}],"endTime":1786883453875,"message":"  ● SearchService › should be defined\n\n    Nest can't resolve dependencies of the SearchService (?). Please make sure that the argument PrismaService at index [0] is available in the RootTestModule module.\n\n    Potential solutions:\n    - Is RootTestModule a valid NestJS module?\n    - If PrismaService is a provider, is it part of the current RootTestModule?\n    - If PrismaService is exported from a separate @Module, is that module imported within RootTestModule?\n      @Module({\n        imports: [ /* the Module containing PrismaService */ ]\n      })\n\n    For more common dependency resolution issues, see: https://docs.nestjs.com/faq/common-errors\n\n    \u001b[0m \u001b[90m  6 |\u001b[39m\n     \u001b[90m  7 |\u001b[39m   beforeEach(\u001b[36masync\u001b[39m () \u001b[33m=>\u001b[39m {\n    \u001b[31m\u001b[1m>\u001b[22m\u001b[39m\u001b[90m  8 |\u001b[39m     \u001b[36mconst\u001b[39m module\u001b[33m:\u001b[39m \u001b[33mTestingModule\u001b[39m \u001b[33m=\u001b[39m \u001b[36mawait\u001b[39m \u001b[33mTest\u001b[39m\u001b[33m.\u001b[39mcreateTestingModule({\n     \u001b[90m    |\u001b[39m                                   \u001b[31m\u001b[1m^\u001b[22m\u001b[39m\n     \u001b[90m  9 |\u001b[39m       providers\u001b[33m:\u001b[39m [\u001b[33mSearchService\u001b[39m]\u001b[33m,\u001b[39m\n     \u001b[90m 10 |\u001b[39m     })\u001b[33m.\u001b[39mcompile()\u001b[33m;\u001b[39m\n     \u001b[90m 11 |\u001b[39m\u001b[0m\n\n      at TestingInjector.lookupComponentInParentModules (../node_modules/@nestjs/core/injector/injector.js:300:19)\n      at TestingInjector.resolveComponentWrapper (../node_modules/@nestjs/testing/testing-injector.js:19:45)\n      at resolveParam (../node_modules/@nestjs/core/injector/injector.js:150:38)\n          at async Promise.all (index 0)\n      at TestingInjector.resolveConstructorParams (../node_modules/@nestjs/core/injector/injector.js:179:27)\n      at TestingInjector.loadInstance (../node_modules/@nestjs/core/injector/injector.js:77:13)\n      at TestingInjector.loadProvider (../node_modules/@nestjs/core/injector/injector.js:111:9)\n      at ../node_modules/@nestjs/core/injector/instance-loader.js:56:13\n          at async Promise.all (index 3)\n      at TestingInstanceLoader.createInstancesOfProviders (../node_modules/@nestjs/core/injector/instance-loader.js:55:9)\n      at ../node_modules/@nestjs/core/injector/instance-loader.js:40:13\n          at async Promise.all (index 1)\n      at TestingInstanceLoader.createInstances (../node_modules/@nestjs/core/injector/instance-loader.js:39:9)\n      at TestingInstanceLoader.createInstancesOfDependencies (../node_modules/@nestjs/core/injector/instance-loader.js:22:13)\n      at TestingInstanceLoader.createInstancesOfDependencies (../node_modules/@nestjs/testing/testing-instance-loader.js:9:9)\n      at TestingModuleBuilder.createInstancesOfDependencies (../node_modules/@nestjs/testing/testing-module.builder.js:119:9)\n      at TestingModuleBuilder.compile (../node_modules/@nestjs/testing/testing-module.builder.js:74:9)\n      at Object.<anonymous> (search/search.service.spec.ts:8:35)\n","name":"D:\\Desktop\\Vault\\PROJECT\\ASHEN\\backend\\src\\search\\search.service.spec.ts","startTime":1786883447252,"status":"failed","summary":""},{"assertionResults":[{"ancestorTitles":["ShowroomsController"],"duration":37,"failing":false,"failureDetails":[{"type":"ShowroomsController","context":{"index":0,"dependencies":[null]},"metadata":{"id":"d5efa27d02c7afadd72e9"},"moduleRef":{"id":"ceba7bb90ed5efa27d02c"}}],"failureMessages":["Error: Nest can't resolve dependencies of the ShowroomsController (?). Please make sure that the argument ShowroomsService at index [0] is available in the RootTestModule module.\n\nPotential solutions:\n- Is RootTestModule a valid NestJS module?\n- If ShowroomsService is a provider, is it part of the current RootTestModule?\n- If ShowroomsService is exported from a separate @Module, is that module imported within RootTestModule?\n  @Module({\n    imports: [ /* the Module containing ShowroomsService */ ]\n  })\n\nFor more common dependency resolution issues, see: https://docs.nestjs.com/faq/common-errors\n    at TestingInjector.lookupComponentInParentModules (D:\\Desktop\\Vault\\PROJECT\\ASHEN\\backend\\node_modules\\@nestjs\\core\\injector\\injector.js:300:19)\n    at processTicksAndRejections (node:internal/process/task_queues:104:5)\n    at TestingInjector.resolveComponentWrapper (D:\\Desktop\\Vault\\PROJECT\\ASHEN\\backend\\node_modules\\@nestjs\\testing\\testing-injector.js:19:45)\n    at resolveParam (D:\\Desktop\\Vault\\PROJECT\\ASHEN\\backend\\node_modules\\@nestjs\\core\\injector\\injector.js:150:38)\n    at async Promise.all (index 0)\n    at TestingInjector.resolveConstructorParams (D:\\Desktop\\Vault\\PROJECT\\ASHEN\\backend\\node_modules\\@nestjs\\core\\injector\\injector.js:179:27)\n    at TestingInjector.loadInstance (D:\\Desktop\\Vault\\PROJECT\\ASHEN\\backend\\node_modules\\@nestjs\\core\\injector\\injector.js:77:13)\n    at TestingInjector.loadController (D:\\Desktop\\Vault\\PROJECT\\ASHEN\\backend\\node_modules\\@nestjs\\core\\injector\\injector.js:99:9)\n    at D:\\Desktop\\Vault\\PROJECT\\ASHEN\\backend\\node_modules\\@nestjs\\core\\injector\\instance-loader.js:68:13\n    at async Promise.all (index 0)\n    at TestingInstanceLoader.createInstancesOfControllers (D:\\Desktop\\Vault\\PROJECT\\ASHEN\\backend\\node_modules\\@nestjs\\core\\injector\\instance-loader.js:67:9)\n    at D:\\Desktop\\Vault\\PROJECT\\ASHEN\\backend\\node_modules\\@nestjs\\core\\injector\\instance-loader.js:42:13\n    at async Promise.all (index 1)\n    at TestingInstanceLoader.createInstances (D:\\Desktop\\Vault\\PROJECT\\ASHEN\\backend\\node_modules\\@nestjs\\core\\injector\\instance-loader.js:39:9)\n    at TestingInstanceLoader.createInstancesOfDependencies (D:\\Desktop\\Vault\\PROJECT\\ASHEN\\backend\\node_modules\\@nestjs\\core\\injector\\instance-loader.js:22:13)\n    at TestingInstanceLoader.createInstancesOfDependencies (D:\\Desktop\\Vault\\PROJECT\\ASHEN\\backend\\node_modules\\@nestjs\\testing\\testing-instance-loader.js:9:9)\n    at TestingModuleBuilder.createInstancesOfDependencies (D:\\Desktop\\Vault\\PROJECT\\ASHEN\\backend\\node_modules\\@nestjs\\testing\\testing-module.builder.js:119:9)\n    at TestingModuleBuilder.compile (D:\\Desktop\\Vault\\PROJECT\\ASHEN\\backend\\node_modules\\@nestjs\\testing\\testing-module.builder.js:74:9)\n    at Object.<anonymous> (D:\\Desktop\\Vault\\PROJECT\\ASHEN\\backend\\src\\showrooms\\showrooms.controller.spec.ts:8:35)"],"fullName":"ShowroomsController should be defined","invocations":1,"location":null,"numPassingAsserts":0,"retryReasons":[],"startAt":1786883453838,"status":"failed","title":"should be defined"}],"endTime":1786883453928,"message":"  ● ShowroomsController › should be defined\n\n    Nest can't resolve dependencies of the ShowroomsController (?). Please make sure that the argument ShowroomsService at index [0] is available in the RootTestModule module.\n\n    Potential solutions:\n    - Is RootTestModule a valid NestJS module?\n    - If ShowroomsService is a provider, is it part of the current RootTestModule?\n    - If ShowroomsService is exported from a separate @Module, is that module imported within RootTestModule?\n      @Module({\n        imports: [ /* the Module containing ShowroomsService */ ]\n      })\n\n    For more common dependency resolution issues, see: https://docs.nestjs.com/faq/common-errors\n\n    \u001b[0m \u001b[90m  6 |\u001b[39m\n     \u001b[90m  7 |\u001b[39m   beforeEach(\u001b[36masync\u001b[39m () \u001b[33m=>\u001b[39m {\n    \u001b[31m\u001b[1m>\u001b[22m\u001b[39m\u001b[90m  8 |\u001b[39m     \u001b[36mconst\u001b[39m module\u001b[33m:\u001b[39m \u001b[33mTestingModule\u001b[39m \u001b[33m=\u001b[39m \u001b[36mawait\u001b[39m \u001b[33mTest\u001b[39m\u001b[33m.\u001b[39mcreateTestingModule({\n     \u001b[90m    |\u001b[39m                                   \u001b[31m\u001b[1m^\u001b[22m\u001b[39m\n     \u001b[90m  9 |\u001b[39m       controllers\u001b[33m:\u001b[39m [\u001b[33mShowroomsController\u001b[39m]\u001b[33m,\u001b[39m\n     \u001b[90m 10 |\u001b[39m     })\u001b[33m.\u001b[39mcompile()\u001b[33m;\u001b[39m\n     \u001b[90m 11 |\u001b[39m\u001b[0m\n\n      at TestingInjector.lookupComponentInParentModules (../node_modules/@nestjs/core/injector/injector.js:300:19)\n      at TestingInjector.resolveComponentWrapper (../node_modules/@nestjs/testing/testing-injector.js:19:45)\n      at resolveParam (../node_modules/@nestjs/core/injector/injector.js:150:38)\n          at async Promise.all (index 0)\n      at TestingInjector.resolveConstructorParams (../node_modules/@nestjs/core/injector/injector.js:179:27)\n      at TestingInjector.loadInstance (../node_modules/@nestjs/core/injector/injector.js:77:13)\n      at TestingInjector.loadController (../node_modules/@nestjs/core/injector/injector.js:99:9)\n      at ../node_modules/@nestjs/core/injector/instance-loader.js:68:13\n          at async Promise.all (index 0)\n      at TestingInstanceLoader.createInstancesOfControllers (../node_modules/@nestjs/core/injector/instance-loader.js:67:9)\n      at ../node_modules/@nestjs/core/injector/instance-loader.js:42:13\n          at async Promise.all (index 1)\n      at TestingInstanceLoader.createInstances (../node_modules/@nestjs/core/injector/instance-loader.js:39:9)\n      at TestingInstanceLoader.createInstancesOfDependencies (../node_modules/@nestjs/core/injector/instance-loader.js:22:13)\n      at TestingInstanceLoader.createInstancesOfDependencies (../node_modules/@nestjs/testing/testing-instance-loader.js:9:9)\n      at TestingModuleBuilder.createInstancesOfDependencies (../node_modules/@nestjs/testing/testing-module.builder.js:119:9)\n      at TestingModuleBuilder.compile (../node_modules/@nestjs/testing/testing-module.builder.js:74:9)\n      at Object.<anonymous> (showrooms/showrooms.controller.spec.ts:8:35)\n","name":"D:\\Desktop\\Vault\\PROJECT\\ASHEN\\backend\\src\\showrooms\\showrooms.controller.spec.ts","startTime":1786883447181,"status":"failed","summary":""},{"assertionResults":[{"ancestorTitles":["CreatorsController"],"duration":39,"failing":false,"failureDetails":[{"type":"CreatorsController","context":{"index":0,"dependencies":[null]},"metadata":{"id":"025a234190f60b84ac971"},"moduleRef":{"id":"74a761aee5025a234190f"}}],"failureMessages":["Error: Nest can't resolve dependencies of the CreatorsController (?). Please make sure that the argument CreatorsService at index [0] is available in the RootTestModule module.\n\nPotential solutions:\n- Is RootTestModule a valid NestJS module?\n- If CreatorsService is a provider, is it part of the current RootTestModule?\n- If CreatorsService is exported from a separate @Module, is that module imported within RootTestModule?\n  @Module({\n    imports: [ /* the Module containing CreatorsService */ ]\n  })\n\nFor more common dependency resolution issues, see: https://docs.nestjs.com/faq/common-errors\n    at TestingInjector.lookupComponentInParentModules (D:\\Desktop\\Vault\\PROJECT\\ASHEN\\backend\\node_modules\\@nestjs\\core\\injector\\injector.js:300:19)\n    at processTicksAndRejections (node:internal/process/task_queues:104:5)\n    at TestingInjector.resolveComponentWrapper (D:\\Desktop\\Vault\\PROJECT\\ASHEN\\backend\\node_modules\\@nestjs\\testing\\testing-injector.js:19:45)\n    at resolveParam (D:\\Desktop\\Vault\\PROJECT\\ASHEN\\backend\\node_modules\\@nestjs\\core\\injector\\injector.js:150:38)\n    at async Promise.all (index 0)\n    at TestingInjector.resolveConstructorParams (D:\\Desktop\\Vault\\PROJECT\\ASHEN\\backend\\node_modules\\@nestjs\\core\\injector\\injector.js:179:27)\n    at TestingInjector.loadInstance (D:\\Desktop\\Vault\\PROJECT\\ASHEN\\backend\\node_modules\\@nestjs\\core\\injector\\injector.js:77:13)\n    at TestingInjector.loadController (D:\\Desktop\\Vault\\PROJECT\\ASHEN\\backend\\node_modules\\@nestjs\\core\\injector\\injector.js:99:9)\n    at D:\\Desktop\\Vault\\PROJECT\\ASHEN\\backend\\node_modules\\@nestjs\\core\\injector\\instance-loader.js:68:13\n    at async Promise.all (index 0)\n    at TestingInstanceLoader.createInstancesOfControllers (D:\\Desktop\\Vault\\PROJECT\\ASHEN\\backend\\node_modules\\@nestjs\\core\\injector\\instance-loader.js:67:9)\n    at D:\\Desktop\\Vault\\PROJECT\\ASHEN\\backend\\node_modules\\@nestjs\\core\\injector\\instance-loader.js:42:13\n    at async Promise.all (index 1)\n    at TestingInstanceLoader.createInstances (D:\\Desktop\\Vault\\PROJECT\\ASHEN\\backend\\node_modules\\@nestjs\\core\\injector\\instance-loader.js:39:9)\n    at TestingInstanceLoader.createInstancesOfDependencies (D:\\Desktop\\Vault\\PROJECT\\ASHEN\\backend\\node_modules\\@nestjs\\core\\injector\\instance-loader.js:22:13)\n    at TestingInstanceLoader.createInstancesOfDependencies (D:\\Desktop\\Vault\\PROJECT\\ASHEN\\backend\\node_modules\\@nestjs\\testing\\testing-instance-loader.js:9:9)\n    at TestingModuleBuilder.createInstancesOfDependencies (D:\\Desktop\\Vault\\PROJECT\\ASHEN\\backend\\node_modules\\@nestjs\\testing\\testing-module.builder.js:119:9)\n    at TestingModuleBuilder.compile (D:\\Desktop\\Vault\\PROJECT\\ASHEN\\backend\\node_modules\\@nestjs\\testing\\testing-module.builder.js:74:9)\n    at Object.<anonymous> (D:\\Desktop\\Vault\\PROJECT\\ASHEN\\backend\\src\\creators\\creators.controller.spec.ts:8:35)"],"fullName":"CreatorsController should be defined","invocations":1,"location":null,"numPassingAsserts":0,"retryReasons":[],"startAt":1786883453883,"status":"failed","title":"should be defined"}],"endTime":1786883453955,"message":"  ● CreatorsController › should be defined\n\n    Nest can't resolve dependencies of the CreatorsController (?). Please make sure that the argument CreatorsService at index [0] is available in the RootTestModule module.\n\n    Potential solutions:\n    - Is RootTestModule a valid NestJS module?\n    - If CreatorsService is a provider, is it part of the current RootTestModule?\n    - If CreatorsService is exported from a separate @Module, is that module imported within RootTestModule?\n      @Module({\n        imports: [ /* the Module containing CreatorsService */ ]\n      })\n\n    For more common dependency resolution issues, see: https://docs.nestjs.com/faq/common-errors\n\n    \u001b[0m \u001b[90m  6 |\u001b[39m\n     \u001b[90m  7 |\u001b[39m   beforeEach(\u001b[36masync\u001b[39m () \u001b[33m=>\u001b[39m {\n    \u001b[31m\u001b[1m>\u001b[22m\u001b[39m\u001b[90m  8 |\u001b[39m     \u001b[36mconst\u001b[39m module\u001b[33m:\u001b[39m \u001b[33mTestingModule\u001b[39m \u001b[33m=\u001b[39m \u001b[36mawait\u001b[39m \u001b[33mTest\u001b[39m\u001b[33m.\u001b[39mcreateTestingModule({\n     \u001b[90m    |\u001b[39m                                   \u001b[31m\u001b[1m^\u001b[22m\u001b[39m\n     \u001b[90m  9 |\u001b[39m       controllers\u001b[33m:\u001b[39m [\u001b[33mCreatorsController\u001b[39m]\u001b[33m,\u001b[39m\n     \u001b[90m 10 |\u001b[39m     })\u001b[33m.\u001b[39mcompile()\u001b[33m;\u001b[39m\n     \u001b[90m 11 |\u001b[39m\u001b[0m\n\n      at TestingInjector.lookupComponentInParentModules (../node_modules/@nestjs/core/injector/injector.js:300:19)\n      at TestingInjector.resolveComponentWrapper (../node_modules/@nestjs/testing/testing-injector.js:19:45)\n      at resolveParam (../node_modules/@nestjs/core/injector/injector.js:150:38)\n          at async Promise.all (index 0)\n      at TestingInjector.resolveConstructorParams (../node_modules/@nestjs/core/injector/injector.js:179:27)\n      at TestingInjector.loadInstance (../node_modules/@nestjs/core/injector/injector.js:77:13)\n      at TestingInjector.loadController (../node_modules/@nestjs/core/injector/injector.js:99:9)\n      at ../node_modules/@nestjs/core/injector/instance-loader.js:68:13\n          at async Promise.all (index 0)\n      at TestingInstanceLoader.createInstancesOfControllers (../node_modules/@nestjs/core/injector/instance-loader.js:67:9)\n      at ../node_modules/@nestjs/core/injector/instance-loader.js:42:13\n          at async Promise.all (index 1)\n      at TestingInstanceLoader.createInstances (../node_modules/@nestjs/core/injector/instance-loader.js:39:9)\n      at TestingInstanceLoader.createInstancesOfDependencies (../node_modules/@nestjs/core/injector/instance-loader.js:22:13)\n      at TestingInstanceLoader.createInstancesOfDependencies (../node_modules/@nestjs/testing/testing-instance-loader.js:9:9)\n      at TestingModuleBuilder.createInstancesOfDependencies (../node_modules/@nestjs/testing/testing-module.builder.js:119:9)\n      at TestingModuleBuilder.compile (../node_modules/@nestjs/testing/testing-module.builder.js:74:9)\n      at Object.<anonymous> (creators/creators.controller.spec.ts:8:35)\n","name":"D:\\Desktop\\Vault\\PROJECT\\ASHEN\\backend\\src\\creators\\creators.controller.spec.ts","startTime":1786883447232,"status":"failed","summary":""},{"assertionResults":[{"ancestorTitles":["UsersController"],"duration":25,"failing":false,"failureDetails":[{"type":"UsersController","context":{"index":0,"dependencies":[null]},"metadata":{"id":"ed864aa02d0403df6a137"},"moduleRef":{"id":"8953a06d7fed864aa02d0"}}],"failureMessages":["Error: Nest can't resolve dependencies of the UsersController (?). Please make sure that the argument UsersService at index [0] is available in the RootTestModule module.\n\nPotential solutions:\n- Is RootTestModule a valid NestJS module?\n- If UsersService is a provider, is it part of the current RootTestModule?\n- If UsersService is exported from a separate @Module, is that module imported within RootTestModule?\n  @Module({\n    imports: [ /* the Module containing UsersService */ ]\n  })\n\nFor more common dependency resolution issues, see: https://docs.nestjs.com/faq/common-errors\n    at TestingInjector.lookupComponentInParentModules (D:\\Desktop\\Vault\\PROJECT\\ASHEN\\backend\\node_modules\\@nestjs\\core\\injector\\injector.js:300:19)\n    at processTicksAndRejections (node:internal/process/task_queues:104:5)\n    at TestingInjector.resolveComponentWrapper (D:\\Desktop\\Vault\\PROJECT\\ASHEN\\backend\\node_modules\\@nestjs\\testing\\testing-injector.js:19:45)\n    at resolveParam (D:\\Desktop\\Vault\\PROJECT\\ASHEN\\backend\\node_modules\\@nestjs\\core\\injector\\injector.js:150:38)\n    at async Promise.all (index 0)\n    at TestingInjector.resolveConstructorParams (D:\\Desktop\\Vault\\PROJECT\\ASHEN\\backend\\node_modules\\@nestjs\\core\\injector\\injector.js:179:27)\n    at TestingInjector.loadInstance (D:\\Desktop\\Vault\\PROJECT\\ASHEN\\backend\\node_modules\\@nestjs\\core\\injector\\injector.js:77:13)\n    at TestingInjector.loadController (D:\\Desktop\\Vault\\PROJECT\\ASHEN\\backend\\node_modules\\@nestjs\\core\\injector\\injector.js:99:9)\n    at D:\\Desktop\\Vault\\PROJECT\\ASHEN\\backend\\node_modules\\@nestjs\\core\\injector\\instance-loader.js:68:13\n    at async Promise.all (index 0)\n    at TestingInstanceLoader.createInstancesOfControllers (D:\\Desktop\\Vault\\PROJECT\\ASHEN\\backend\\node_modules\\@nestjs\\core\\injector\\instance-loader.js:67:9)\n    at D:\\Desktop\\Vault\\PROJECT\\ASHEN\\backend\\node_modules\\@nestjs\\core\\injector\\instance-loader.js:42:13\n    at async Promise.all (index 1)\n    at TestingInstanceLoader.createInstances (D:\\Desktop\\Vault\\PROJECT\\ASHEN\\backend\\node_modules\\@nestjs\\core\\injector\\instance-loader.js:39:9)\n    at TestingInstanceLoader.createInstancesOfDependencies (D:\\Desktop\\Vault\\PROJECT\\ASHEN\\backend\\node_modules\\@nestjs\\core\\injector\\instance-loader.js:22:13)\n    at TestingInstanceLoader.createInstancesOfDependencies (D:\\Desktop\\Vault\\PROJECT\\ASHEN\\backend\\node_modules\\@nestjs\\testing\\testing-instance-loader.js:9:9)\n    at TestingModuleBuilder.createInstancesOfDependencies (D:\\Desktop\\Vault\\PROJECT\\ASHEN\\backend\\node_modules\\@nestjs\\testing\\testing-module.builder.js:119:9)\n    at TestingModuleBuilder.compile (D:\\Desktop\\Vault\\PROJECT\\ASHEN\\backend\\node_modules\\@nestjs\\testing\\testing-module.builder.js:74:9)\n    at Object.<anonymous> (D:\\Desktop\\Vault\\PROJECT\\ASHEN\\backend\\src\\users\\users.controller.spec.ts:8:35)"],"fullName":"UsersController should be defined","invocations":1,"location":null,"numPassingAsserts":0,"retryReasons":[],"startAt":1786883453944,"status":"failed","title":"should be defined"}],"endTime":1786883453998,"message":"  ● UsersController › should be defined\n\n    Nest can't resolve dependencies of the UsersController (?). Please make sure that the argument UsersService at index [0] is available in the RootTestModule module.\n\n    Potential solutions:\n    - Is RootTestModule a valid NestJS module?\n    - If UsersService is a provider, is it part of the current RootTestModule?\n    - If UsersService is exported from a separate @Module, is that module imported within RootTestModule?\n      @Module({\n        imports: [ /* the Module containing UsersService */ ]\n      })\n\n    For more common dependency resolution issues, see: https://docs.nestjs.com/faq/common-errors\n\n    \u001b[0m \u001b[90m  6 |\u001b[39m\n     \u001b[90m  7 |\u001b[39m   beforeEach(\u001b[36masync\u001b[39m () \u001b[33m=>\u001b[39m {\n    \u001b[31m\u001b[1m>\u001b[22m\u001b[39m\u001b[90m  8 |\u001b[39m     \u001b[36mconst\u001b[39m module\u001b[33m:\u001b[39m \u001b[33mTestingModule\u001b[39m \u001b[33m=\u001b[39m \u001b[36mawait\u001b[39m \u001b[33mTest\u001b[39m\u001b[33m.\u001b[39mcreateTestingModule({\n     \u001b[90m    |\u001b[39m                                   \u001b[31m\u001b[1m^\u001b[22m\u001b[39m\n     \u001b[90m  9 |\u001b[39m       controllers\u001b[33m:\u001b[39m [\u001b[33mUsersController\u001b[39m]\u001b[33m,\u001b[39m\n     \u001b[90m 10 |\u001b[39m     })\u001b[33m.\u001b[39mcompile()\u001b[33m;\u001b[39m\n     \u001b[90m 11 |\u001b[39m\u001b[0m\n\n      at TestingInjector.lookupComponentInParentModules (../node_modules/@nestjs/core/injector/injector.js:300:19)\n      at TestingInjector.resolveComponentWrapper (../node_modules/@nestjs/testing/testing-injector.js:19:45)\n      at resolveParam (../node_modules/@nestjs/core/injector/injector.js:150:38)\n          at async Promise.all (index 0)\n      at TestingInjector.resolveConstructorParams (../node_modules/@nestjs/core/injector/injector.js:179:27)\n      at TestingInjector.loadInstance (../node_modules/@nestjs/core/injector/injector.js:77:13)\n      at TestingInjector.loadController (../node_modules/@nestjs/core/injector/injector.js:99:9)\n      at ../node_modules/@nestjs/core/injector/instance-loader.js:68:13\n          at async Promise.all (index 0)\n      at TestingInstanceLoader.createInstancesOfControllers (../node_modules/@nestjs/core/injector/instance-loader.js:67:9)\n      at ../node_modules/@nestjs/core/injector/instance-loader.js:42:13\n          at async Promise.all (index 1)\n      at TestingInstanceLoader.createInstances (../node_modules/@nestjs/core/injector/instance-loader.js:39:9)\n      at TestingInstanceLoader.createInstancesOfDependencies (../node_modules/@nestjs/core/injector/instance-loader.js:22:13)\n      at TestingInstanceLoader.createInstancesOfDependencies (../node_modules/@nestjs/testing/testing-instance-loader.js:9:9)\n      at TestingModuleBuilder.createInstancesOfDependencies (../node_modules/@nestjs/testing/testing-module.builder.js:119:9)\n      at TestingModuleBuilder.compile (../node_modules/@nestjs/testing/testing-module.builder.js:74:9)\n      at Object.<anonymous> (users/users.controller.spec.ts:8:35)\n","name":"D:\\Desktop\\Vault\\PROJECT\\ASHEN\\backend\\src\\users\\users.controller.spec.ts","startTime":1786883447252,"status":"failed","summary":""},{"assertionResults":[{"ancestorTitles":["AuthService"],"duration":17,"failing":false,"failureDetails":[{"type":"AuthService","context":{"index":0,"dependencies":[null,null]},"metadata":{"id":"b123e437177dbd349f19b"},"moduleRef":{"id":"38cb354e0eb123e437177"}}],"failureMessages":["Error: Nest can't resolve dependencies of the AuthService (?, JwtService). Please make sure that the argument UsersService at index [0] is available in the RootTestModule module.\n\nPotential solutions:\n- Is RootTestModule a valid NestJS module?\n- If UsersService is a provider, is it part of the current RootTestModule?\n- If UsersService is exported from a separate @Module, is that module imported within RootTestModule?\n  @Module({\n    imports: [ /* the Module containing UsersService */ ]\n  })\n\nFor more common dependency resolution issues, see: https://docs.nestjs.com/faq/common-errors\n    at TestingInjector.lookupComponentInParentModules (D:\\Desktop\\Vault\\PROJECT\\ASHEN\\backend\\node_modules\\@nestjs\\core\\injector\\injector.js:300:19)\n    at processTicksAndRejections (node:internal/process/task_queues:104:5)\n    at TestingInjector.resolveComponentWrapper (D:\\Desktop\\Vault\\PROJECT\\ASHEN\\backend\\node_modules\\@nestjs\\testing\\testing-injector.js:19:45)\n    at resolveParam (D:\\Desktop\\Vault\\PROJECT\\ASHEN\\backend\\node_modules\\@nestjs\\core\\injector\\injector.js:150:38)\n    at async Promise.all (index 0)\n    at TestingInjector.resolveConstructorParams (D:\\Desktop\\Vault\\PROJECT\\ASHEN\\backend\\node_modules\\@nestjs\\core\\injector\\injector.js:179:27)\n    at TestingInjector.loadInstance (D:\\Desktop\\Vault\\PROJECT\\ASHEN\\backend\\node_modules\\@nestjs\\core\\injector\\injector.js:77:13)\n    at TestingInjector.loadProvider (D:\\Desktop\\Vault\\PROJECT\\ASHEN\\backend\\node_modules\\@nestjs\\core\\injector\\injector.js:111:9)\n    at D:\\Desktop\\Vault\\PROJECT\\ASHEN\\backend\\node_modules\\@nestjs\\core\\injector\\instance-loader.js:56:13\n    at async Promise.all (index 3)\n    at TestingInstanceLoader.createInstancesOfProviders (D:\\Desktop\\Vault\\PROJECT\\ASHEN\\backend\\node_modules\\@nestjs\\core\\injector\\instance-loader.js:55:9)\n    at D:\\Desktop\\Vault\\PROJECT\\ASHEN\\backend\\node_modules\\@nestjs\\core\\injector\\instance-loader.js:40:13\n    at async Promise.all (index 1)\n    at TestingInstanceLoader.createInstances (D:\\Desktop\\Vault\\PROJECT\\ASHEN\\backend\\node_modules\\@nestjs\\core\\injector\\instance-loader.js:39:9)\n    at TestingInstanceLoader.createInstancesOfDependencies (D:\\Desktop\\Vault\\PROJECT\\ASHEN\\backend\\node_modules\\@nestjs\\core\\injector\\instance-loader.js:22:13)\n    at TestingInstanceLoader.createInstancesOfDependencies (D:\\Desktop\\Vault\\PROJECT\\ASHEN\\backend\\node_modules\\@nestjs\\testing\\testing-instance-loader.js:9:9)\n    at TestingModuleBuilder.createInstancesOfDependencies (D:\\Desktop\\Vault\\PROJECT\\ASHEN\\backend\\node_modules\\@nestjs\\testing\\testing-module.builder.js:119:9)\n    at TestingModuleBuilder.compile (D:\\Desktop\\Vault\\PROJECT\\ASHEN\\backend\\node_modules\\@nestjs\\testing\\testing-module.builder.js:74:9)\n    at Object.<anonymous> (D:\\Desktop\\Vault\\PROJECT\\ASHEN\\backend\\src\\auth\\auth.service.spec.ts:8:35)"],"fullName":"AuthService should be defined","invocations":1,"location":null,"numPassingAsserts":0,"retryReasons":[],"startAt":1786883454167,"status":"failed","title":"should be defined"}],"endTime":1786883454207,"message":"  ● AuthService › should be defined\n\n    Nest can't resolve dependencies of the AuthService (?, JwtService). Please make sure that the argument UsersService at index [0] is available in the RootTestModule module.\n\n    Potential solutions:\n    - Is RootTestModule a valid NestJS module?\n    - If UsersService is a provider, is it part of the current RootTestModule?\n    - If UsersService is exported from a separate @Module, is that module imported within RootTestModule?\n      @Module({\n        imports: [ /* the Module containing UsersService */ ]\n      })\n\n    For more common dependency resolution issues, see: https://docs.nestjs.com/faq/common-errors\n\n    \u001b[0m \u001b[90m  6 |\u001b[39m\n     \u001b[90m  7 |\u001b[39m   beforeEach(\u001b[36masync\u001b[39m () \u001b[33m=>\u001b[39m {\n    \u001b[31m\u001b[1m>\u001b[22m\u001b[39m\u001b[90m  8 |\u001b[39m     \u001b[36mconst\u001b[39m module\u001b[33m:\u001b[39m \u001b[33mTestingModule\u001b[39m \u001b[33m=\u001b[39m \u001b[36mawait\u001b[39m \u001b[33mTest\u001b[39m\u001b[33m.\u001b[39mcreateTestingModule({\n     \u001b[90m    |\u001b[39m                                   \u001b[31m\u001b[1m^\u001b[22m\u001b[39m\n     \u001b[90m  9 |\u001b[39m       providers\u001b[33m:\u001b[39m [\u001b[33mAuthService\u001b[39m]\u001b[33m,\u001b[39m\n     \u001b[90m 10 |\u001b[39m     })\u001b[33m.\u001b[39mcompile()\u001b[33m;\u001b[39m\n     \u001b[90m 11 |\u001b[39m\u001b[0m\n\n      at TestingInjector.lookupComponentInParentModules (../node_modules/@nestjs/core/injector/injector.js:300:19)\n      at TestingInjector.resolveComponentWrapper (../node_modules/@nestjs/testing/testing-injector.js:19:45)\n      at resolveParam (../node_modules/@nestjs/core/injector/injector.js:150:38)\n          at async Promise.all (index 0)\n      at TestingInjector.resolveConstructorParams (../node_modules/@nestjs/core/injector/injector.js:179:27)\n      at TestingInjector.loadInstance (../node_modules/@nestjs/core/injector/injector.js:77:13)\n      at TestingInjector.loadProvider (../node_modules/@nestjs/core/injector/injector.js:111:9)\n      at ../node_modules/@nestjs/core/injector/instance-loader.js:56:13\n          at async Promise.all (index 3)\n      at TestingInstanceLoader.createInstancesOfProviders (../node_modules/@nestjs/core/injector/instance-loader.js:55:9)\n      at ../node_modules/@nestjs/core/injector/instance-loader.js:40:13\n          at async Promise.all (index 1)\n      at TestingInstanceLoader.createInstances (../node_modules/@nestjs/core/injector/instance-loader.js:39:9)\n      at TestingInstanceLoader.createInstancesOfDependencies (../node_modules/@nestjs/core/injector/instance-loader.js:22:13)\n      at TestingInstanceLoader.createInstancesOfDependencies (../node_modules/@nestjs/testing/testing-instance-loader.js:9:9)\n      at TestingModuleBuilder.createInstancesOfDependencies (../node_modules/@nestjs/testing/testing-module.builder.js:119:9)\n      at TestingModuleBuilder.compile (../node_modules/@nestjs/testing/testing-module.builder.js:74:9)\n      at Object.<anonymous> (auth/auth.service.spec.ts:8:35)\n","name":"D:\\Desktop\\Vault\\PROJECT\\ASHEN\\backend\\src\\auth\\auth.service.spec.ts","startTime":1786883447256,"status":"failed","summary":""},{"assertionResults":[{"ancestorTitles":["VesperService"],"duration":21,"failing":false,"failureDetails":[{"type":"VesperService","context":{"index":0,"dependencies":[null]},"metadata":{"id":"e76374bc248ecbc071580"},"moduleRef":{"id":"ed8d040e8fe76374bc248"}}],"failureMessages":["Error: Nest can't resolve dependencies of the VesperService (?). Please make sure that the argument PrismaService at index [0] is available in the RootTestModule module.\n\nPotential solutions:\n- Is RootTestModule a valid NestJS module?\n- If PrismaService is a provider, is it part of the current RootTestModule?\n- If PrismaService is exported from a separate @Module, is that module imported within RootTestModule?\n  @Module({\n    imports: [ /* the Module containing PrismaService */ ]\n  })\n\nFor more common dependency resolution issues, see: https://docs.nestjs.com/faq/common-errors\n    at TestingInjector.lookupComponentInParentModules (D:\\Desktop\\Vault\\PROJECT\\ASHEN\\backend\\node_modules\\@nestjs\\core\\injector\\injector.js:300:19)\n    at processTicksAndRejections (node:internal/process/task_queues:104:5)\n    at TestingInjector.resolveComponentWrapper (D:\\Desktop\\Vault\\PROJECT\\ASHEN\\backend\\node_modules\\@nestjs\\testing\\testing-injector.js:19:45)\n    at resolveParam (D:\\Desktop\\Vault\\PROJECT\\ASHEN\\backend\\node_modules\\@nestjs\\core\\injector\\injector.js:150:38)\n    at async Promise.all (index 0)\n    at TestingInjector.resolveConstructorParams (D:\\Desktop\\Vault\\PROJECT\\ASHEN\\backend\\node_modules\\@nestjs\\core\\injector\\injector.js:179:27)\n    at TestingInjector.loadInstance (D:\\Desktop\\Vault\\PROJECT\\ASHEN\\backend\\node_modules\\@nestjs\\core\\injector\\injector.js:77:13)\n    at TestingInjector.loadProvider (D:\\Desktop\\Vault\\PROJECT\\ASHEN\\backend\\node_modules\\@nestjs\\core\\injector\\injector.js:111:9)\n    at D:\\Desktop\\Vault\\PROJECT\\ASHEN\\backend\\node_modules\\@nestjs\\core\\injector\\instance-loader.js:56:13\n    at async Promise.all (index 3)\n    at TestingInstanceLoader.createInstancesOfProviders (D:\\Desktop\\Vault\\PROJECT\\ASHEN\\backend\\node_modules\\@nestjs\\core\\injector\\instance-loader.js:55:9)\n    at D:\\Desktop\\Vault\\PROJECT\\ASHEN\\backend\\node_modules\\@nestjs\\core\\injector\\instance-loader.js:40:13\n    at async Promise.all (index 1)\n    at TestingInstanceLoader.createInstances (D:\\Desktop\\Vault\\PROJECT\\ASHEN\\backend\\node_modules\\@nestjs\\core\\injector\\instance-loader.js:39:9)\n    at TestingInstanceLoader.createInstancesOfDependencies (D:\\Desktop\\Vault\\PROJECT\\ASHEN\\backend\\node_modules\\@nestjs\\core\\injector\\instance-loader.js:22:13)\n    at TestingInstanceLoader.createInstancesOfDependencies (D:\\Desktop\\Vault\\PROJECT\\ASHEN\\backend\\node_modules\\@nestjs\\testing\\testing-instance-loader.js:9:9)\n    at TestingModuleBuilder.createInstancesOfDependencies (D:\\Desktop\\Vault\\PROJECT\\ASHEN\\backend\\node_modules\\@nestjs\\testing\\testing-module.builder.js:119:9)\n    at TestingModuleBuilder.compile (D:\\Desktop\\Vault\\PROJECT\\ASHEN\\backend\\node_modules\\@nestjs\\testing\\testing-module.builder.js:74:9)\n    at Object.<anonymous> (D:\\Desktop\\Vault\\PROJECT\\ASHEN\\backend\\src\\vesper\\vesper.service.spec.ts:8:35)"],"fullName":"VesperService should be defined","invocations":1,"location":null,"numPassingAsserts":0,"retryReasons":[],"startAt":1786883454202,"status":"failed","title":"should be defined"}],"endTime":1786883454249,"message":"  ● VesperService › should be defined\n\n    Nest can't resolve dependencies of the VesperService (?). Please make sure that the argument PrismaService at index [0] is available in the RootTestModule module.\n\n    Potential solutions:\n    - Is RootTestModule a valid NestJS module?\n    - If PrismaService is a provider, is it part of the current RootTestModule?\n    - If PrismaService is exported from a separate @Module, is that module imported within RootTestModule?\n      @Module({\n        imports: [ /* the Module containing PrismaService */ ]\n      })\n\n    For more common dependency resolution issues, see: https://docs.nestjs.com/faq/common-errors\n\n    \u001b[0m \u001b[90m  6 |\u001b[39m\n     \u001b[90m  7 |\u001b[39m   beforeEach(\u001b[36masync\u001b[39m () \u001b[33m=>\u001b[39m {\n    \u001b[31m\u001b[1m>\u001b[22m\u001b[39m\u001b[90m  8 |\u001b[39m     \u001b[36mconst\u001b[39m module\u001b[33m:\u001b[39m \u001b[33mTestingModule\u001b[39m \u001b[33m=\u001b[39m \u001b[36mawait\u001b[39m \u001b[33mTest\u001b[39m\u001b[33m.\u001b[39mcreateTestingModule({\n     \u001b[90m    |\u001b[39m                                   \u001b[31m\u001b[1m^\u001b[22m\u001b[39m\n     \u001b[90m  9 |\u001b[39m       providers\u001b[33m:\u001b[39m [\u001b[33mVesperService\u001b[39m]\u001b[33m,\u001b[39m\n     \u001b[90m 10 |\u001b[39m     })\u001b[33m.\u001b[39mcompile()\u001b[33m;\u001b[39m\n     \u001b[90m 11 |\u001b[39m\u001b[0m\n\n      at TestingInjector.lookupComponentInParentModules (../node_modules/@nestjs/core/injector/injector.js:300:19)\n      at TestingInjector.resolveComponentWrapper (../node_modules/@nestjs/testing/testing-injector.js:19:45)\n      at resolveParam (../node_modules/@nestjs/core/injector/injector.js:150:38)\n          at async Promise.all (index 0)\n      at TestingInjector.resolveConstructorParams (../node_modules/@nestjs/core/injector/injector.js:179:27)\n      at TestingInjector.loadInstance (../node_modules/@nestjs/core/injector/injector.js:77:13)\n      at TestingInjector.loadProvider (../node_modules/@nestjs/core/injector/injector.js:111:9)\n      at ../node_modules/@nestjs/core/injector/instance-loader.js:56:13\n          at async Promise.all (index 3)\n      at TestingInstanceLoader.createInstancesOfProviders (../node_modules/@nestjs/core/injector/instance-loader.js:55:9)\n      at ../node_modules/@nestjs/core/injector/instance-loader.js:40:13\n          at async Promise.all (index 1)\n      at TestingInstanceLoader.createInstances (../node_modules/@nestjs/core/injector/instance-loader.js:39:9)\n      at TestingInstanceLoader.createInstancesOfDependencies (../node_modules/@nestjs/core/injector/instance-loader.js:22:13)\n      at TestingInstanceLoader.createInstancesOfDependencies (../node_modules/@nestjs/testing/testing-instance-loader.js:9:9)\n      at TestingModuleBuilder.createInstancesOfDependencies (../node_modules/@nestjs/testing/testing-module.builder.js:119:9)\n      at TestingModuleBuilder.compile (../node_modules/@nestjs/testing/testing-module.builder.js:74:9)\n      at Object.<anonymous> (vesper/vesper.service.spec.ts:8:35)\n","name":"D:\\Desktop\\Vault\\PROJECT\\ASHEN\\backend\\src\\vesper\\vesper.service.spec.ts","startTime":1786883447243,"status":"failed","summary":""},{"assertionResults":[{"ancestorTitles":["VesperController"],"duration":18,"failing":false,"failureDetails":[{"type":"VesperController","context":{"index":0,"dependencies":[null,null]},"metadata":{"id":"4fafff8755e6bfead8583"},"moduleRef":{"id":"ca3b4106f64fafff8755e"}}],"failureMessages":["Error: Nest can't resolve dependencies of the VesperController (?, VesperSizeService). Please make sure that the argument VesperOrchestrator at index [0] is available in the RootTestModule module.\n\nPotential solutions:\n- Is RootTestModule a valid NestJS module?\n- If VesperOrchestrator is a provider, is it part of the current RootTestModule?\n- If VesperOrchestrator is exported from a separate @Module, is that module imported within RootTestModule?\n  @Module({\n    imports: [ /* the Module containing VesperOrchestrator */ ]\n  })\n\nFor more common dependency resolution issues, see: https://docs.nestjs.com/faq/common-errors\n    at TestingInjector.lookupComponentInParentModules (D:\\Desktop\\Vault\\PROJECT\\ASHEN\\backend\\node_modules\\@nestjs\\core\\injector\\injector.js:300:19)\n    at processTicksAndRejections (node:internal/process/task_queues:104:5)\n    at TestingInjector.resolveComponentWrapper (D:\\Desktop\\Vault\\PROJECT\\ASHEN\\backend\\node_modules\\@nestjs\\testing\\testing-injector.js:19:45)\n    at resolveParam (D:\\Desktop\\Vault\\PROJECT\\ASHEN\\backend\\node_modules\\@nestjs\\core\\injector\\injector.js:150:38)\n    at async Promise.all (index 0)\n    at TestingInjector.resolveConstructorParams (D:\\Desktop\\Vault\\PROJECT\\ASHEN\\backend\\node_modules\\@nestjs\\core\\injector\\injector.js:179:27)\n    at TestingInjector.loadInstance (D:\\Desktop\\Vault\\PROJECT\\ASHEN\\backend\\node_modules\\@nestjs\\core\\injector\\injector.js:77:13)\n    at TestingInjector.loadController (D:\\Desktop\\Vault\\PROJECT\\ASHEN\\backend\\node_modules\\@nestjs\\core\\injector\\injector.js:99:9)\n    at D:\\Desktop\\Vault\\PROJECT\\ASHEN\\backend\\node_modules\\@nestjs\\core\\injector\\instance-loader.js:68:13\n    at async Promise.all (index 0)\n    at TestingInstanceLoader.createInstancesOfControllers (D:\\Desktop\\Vault\\PROJECT\\ASHEN\\backend\\node_modules\\@nestjs\\core\\injector\\instance-loader.js:67:9)\n    at D:\\Desktop\\Vault\\PROJECT\\ASHEN\\backend\\node_modules\\@nestjs\\core\\injector\\instance-loader.js:42:13\n    at async Promise.all (index 1)\n    at TestingInstanceLoader.createInstances (D:\\Desktop\\Vault\\PROJECT\\ASHEN\\backend\\node_modules\\@nestjs\\core\\injector\\instance-loader.js:39:9)\n    at TestingInstanceLoader.createInstancesOfDependencies (D:\\Desktop\\Vault\\PROJECT\\ASHEN\\backend\\node_modules\\@nestjs\\core\\injector\\instance-loader.js:22:13)\n    at TestingInstanceLoader.createInstancesOfDependencies (D:\\Desktop\\Vault\\PROJECT\\ASHEN\\backend\\node_modules\\@nestjs\\testing\\testing-instance-loader.js:9:9)\n    at TestingModuleBuilder.createInstancesOfDependencies (D:\\Desktop\\Vault\\PROJECT\\ASHEN\\backend\\node_modules\\@nestjs\\testing\\testing-module.builder.js:119:9)\n    at TestingModuleBuilder.compile (D:\\Desktop\\Vault\\PROJECT\\ASHEN\\backend\\node_modules\\@nestjs\\testing\\testing-module.builder.js:74:9)\n    at Object.<anonymous> (D:\\Desktop\\Vault\\PROJECT\\ASHEN\\backend\\src\\vesper\\vesper.controller.spec.ts:8:35)"],"fullName":"VesperController should be defined","invocations":1,"location":null,"numPassingAsserts":0,"retryReasons":[],"startAt":1786883454222,"status":"failed","title":"should be defined"}],"endTime":1786883454271,"message":"  ● VesperController › should be defined\n\n    Nest can't resolve dependencies of the VesperController (?, VesperSizeService). Please make sure that the argument VesperOrchestrator at index [0] is available in the RootTestModule module.\n\n    Potential solutions:\n    - Is RootTestModule a valid NestJS module?\n    - If VesperOrchestrator is a provider, is it part of the current RootTestModule?\n    - If VesperOrchestrator is exported from a separate @Module, is that module imported within RootTestModule?\n      @Module({\n        imports: [ /* the Module containing VesperOrchestrator */ ]\n      })\n\n    For more common dependency resolution issues, see: https://docs.nestjs.com/faq/common-errors\n\n    \u001b[0m \u001b[90m  6 |\u001b[39m\n     \u001b[90m  7 |\u001b[39m   beforeEach(\u001b[36masync\u001b[39m () \u001b[33m=>\u001b[39m {\n    \u001b[31m\u001b[1m>\u001b[22m\u001b[39m\u001b[90m  8 |\u001b[39m     \u001b[36mconst\u001b[39m module\u001b[33m:\u001b[39m \u001b[33mTestingModule\u001b[39m \u001b[33m=\u001b[39m \u001b[36mawait\u001b[39m \u001b[33mTest\u001b[39m\u001b[33m.\u001b[39mcreateTestingModule({\n     \u001b[90m    |\u001b[39m                                   \u001b[31m\u001b[1m^\u001b[22m\u001b[39m\n     \u001b
[...]
InstanceLoader.createInstancesOfControllers (D:\\Desktop\\Vault\\PROJECT\\ASHEN\\backend\\node_modules\\@nestjs\\core\\injector\\instance-loader.js:67:9)\n    at D:\\Desktop\\Vault\\PROJECT\\ASHEN\\backend\\node_modules\\@nestjs\\core\\injector\\instance-loader.js:42:13\n    at async Promise.all (index 1)\n    at TestingInstanceLoader.createInstances (D:\\Desktop\\Vault\\PROJECT\\ASHEN\\backend\\node_modules\\@nestjs\\core\\injector\\instance-loader.js:39:9)\n    at TestingInstanceLoader.createInstancesOfDependencies (D:\\Desktop\\Vault\\PROJECT\\ASHEN\\backend\\node_modules\\@nestjs\\core\\injector\\instance-loader.js:22:13)\n    at TestingInstanceLoader.createInstancesOfDependencies (D:\\Desktop\\Vault\\PROJECT\\ASHEN\\backend\\node_modules\\@nestjs\\testing\\testing-instance-loader.js:9:9)\n    at TestingModuleBuilder.createInstancesOfDependencies (D:\\Desktop\\Vault\\PROJECT\\ASHEN\\backend\\node_modules\\@nestjs\\testing\\testing-module.builder.js:119:9)\n    at TestingModuleBuilder.compile (D:\\Desktop\\Vault\\PROJECT\\ASHEN\\backend\\node_modules\\@nestjs\\testing\\testing-module.builder.js:74:9)\n    at Object.<anonymous> (D:\\Desktop\\Vault\\PROJECT\\ASHEN\\backend\\src\\products\\products.controller.spec.ts:8:35)"],"fullName":"ProductsController should be defined","invocations":1,"location":null,"numPassingAsserts":0,"retryReasons":[],"startAt":1786883454241,"status":"failed","title":"should be defined"}],"endTime":1786883454289,"message":"  ● ProductsController › should be defined\n\n    Nest can't resolve dependencies of the ProductsController (?). Please make sure that the argument ProductsService at index [0] is available in the RootTestModule module.\n\n    Potential solutions:\n    - Is RootTestModule a valid NestJS module?\n    - If ProductsService is a provider, is it part of the current RootTestModule?\n    - If ProductsService is exported from a separate @Module, is that module imported within RootTestModule?\n      @Module({\n        imports: [ /* the Module containing ProductsService */ ]\n      })\n\n    For more common dependency resolution issues, see: https://docs.nestjs.com/faq/common-errors\n\n    \u001b[0m \u001b[90m  6 |\u001b[39m\n     \u001b[90m  7 |\u001b[39m   beforeEach(\u001b[36masync\u001b[39m () \u001b[33m=>\u001b[39m {\n    \u001b[31m\u001b[1m>\u001b[22m\u001b[39m\u001b[90m  8 |\u001b[39m     \u001b[36mconst\u001b[39m module\u001b[33m:\u001b[39m \u001b[33mTestingModule\u001b[39m \u001b[33m=\u001b[39m \u001b[36mawait\u001b[39m \u001b[33mTest\u001b[39m\u001b[33m.\u001b[39mcreateTestingModule({\n     \u001b[90m    |\u001b[39m                                   \u001b[31m\u001b[1m^\u001b[22m\u001b[39m\n     \u001b[90m  9 |\u001b[39m       controllers\u001b[33m:\u001b[39m [\u001b[33mProductsController\u001b[39m]\u001b[33m,\u001b[39m\n     \u001b[90m 10 |\u001b[39m     })\u001b[33m.\u001b[39mcompile()\u001b[33m;\u001b[39m\n     \u001b[90m 11 |\u001b[39m\u001b[0m\n\n      at TestingInjector.lookupComponentInParentModules (../node_modules/@nestjs/core/injector/injector.js:300:19)\n      at TestingInjector.resolveComponentWrapper (../node_modules/@nestjs/testing/testing-injector.js:19:45)\n      at resolveParam (../node_modules/@nestjs/core/injector/injector.js:150:38)\n          at async Promise.all (index 0)\n      at TestingInjector.resolveConstructorParams (../node_modules/@nestjs/core/injector/injector.js:179:27)\n      at TestingInjector.loadInstance (../node_modules/@nestjs/core/injector/injector.js:77:13)\n      at TestingInjector.loadController (../node_modules/@nestjs/core/injector/injector.js:99:9)\n      at ../node_modules/@nestjs/core/injector/instance-loader.js:68:13\n          at async Promise.all (index 0)\n      at TestingInstanceLoader.createInstancesOfControllers (../node_modules/@nestjs/core/injector/instance-loader.js:67:9)\n      at ../node_modules/@nestjs/core/injector/instance-loader.js:42:13\n          at async Promise.all (index 1)\n      at TestingInstanceLoader.createInstances (../node_modules/@nestjs/core/injector/instance-loader.js:39:9)\n      at TestingInstanceLoader.createInstancesOfDependencies (../node_modules/@nestjs/core/injector/instance-loader.js:22:13)\n      at TestingInstanceLoader.createInstancesOfDependencies (../node_modules/@nestjs/testing/testing-instance-loader.js:9:9)\n      at TestingModuleBuilder.createInstancesOfDependencies (../node_modules/@nestjs/testing/testing-module.builder.js:119:9)\n      at TestingModuleBuilder.compile (../node_modules/@nestjs/testing/testing-module.builder.js:74:9)\n      at Object.<anonymous> (products/products.controller.spec.ts:8:35)\n","name":"D:\\Desktop\\Vault\\PROJECT\\ASHEN\\backend\\src\\products\\products.controller.spec.ts","startTime":1786883447203,"status":"failed","summary":""},{"assertionResults":[{"ancestorTitles":["CloudinaryController"],"duration":13,"failing":false,"failureDetails":[{"type":"CloudinaryController","context":{"index":0,"dependencies":[null]},"metadata":{"id":"4106d31329057a0357898"},"moduleRef":{"id":"7b54494d244106d313290"}}],"failureMessages":["Error: Nest can't resolve dependencies of the CloudinaryController (?). Please make sure that the argument CloudinaryService at index [0] is available in the RootTestModule module.\n\nPotential solutions:\n- Is RootTestModule a valid NestJS module?\n- If CloudinaryService is a provider, is it part of the current RootTestModule?\n- If CloudinaryService is exported from a separate @Module, is that module imported within RootTestModule?\n  @Module({\n    imports: [ /* the Module containing CloudinaryService */ ]\n  })\n\nFor more common dependency resolution issues, see: https://docs.nestjs.com/faq/common-errors\n    at TestingInjector.lookupComponentInParentModules (D:\\Desktop\\Vault\\PROJECT\\ASHEN\\backend\\node_modules\\@nestjs\\core\\injector\\injector.js:300:19)\n    at processTicksAndRejections (node:internal/process/task_queues:104:5)\n    at TestingInjector.resolveComponentWrapper (D:\\Desktop\\Vault\\PROJECT\\ASHEN\\backend\\node_modules\\@nestjs\\testing\\testing-injector.js:19:45)\n    at resolveParam (D:\\Desktop\\Vault\\PROJECT\\ASHEN\\backend\\node_modules\\@nestjs\\core\\injector\\injector.js:150:38)\n    at async Promise.all (index 0)\n    at TestingInjector.resolveConstructorParams (D:\\Desktop\\Vault\\PROJECT\\ASHEN\\backend\\node_modules\\@nestjs\\core\\injector\\injector.js:179:27)\n    at TestingInjector.loadInstance (D:\\Desktop\\Vault\\PROJECT\\ASHEN\\backend\\node_modules\\@nestjs\\core\\injector\\injector.js:77:13)\n    at TestingInjector.loadController (D:\\Desktop\\Vault\\PROJECT\\ASHEN\\backend\\node_modules\\@nestjs\\core\\injector\\injector.js:99:9)\n    at D:\\Desktop\\Vault\\PROJECT\\ASHEN\\backend\\node_modules\\@nestjs\\core\\injector\\instance-loader.js:68:13\n    at async Promise.all (index 0)\n    at TestingInstanceLoader.createInstancesOfControllers (D:\\Desktop\\Vault\\PROJECT\\ASHEN\\backend\\node_modules\\@nestjs\\core\\injector\\instance-loader.js:67:9)\n    at D:\\Desktop\\Vault\\PROJECT\\ASHEN\\backend\\node_modules\\@nestjs\\core\\injector\\instance-loader.js:42:13\n    at async Promise.all (index 1)\n    at TestingInstanceLoader.createInstances (D:\\Desktop\\Vault\\PROJECT\\ASHEN\\backend\\node_modules\\@nestjs\\core\\injector\\instance-loader.js:39:9)\n    at TestingInstanceLoader.createInstancesOfDependencies (D:\\Desktop\\Vault\\PROJECT\\ASHEN\\backend\\node_modules\\@nestjs\\core\\injector\\instance-loader.js:22:13)\n    at TestingInstanceLoader.createInstancesOfDependencies (D:\\Desktop\\Vault\\PROJECT\\ASHEN\\backend\\node_modules\\@nestjs\\testing\\testing-instance-loader.js:9:9)\n    at TestingModuleBuilder.createInstancesOfDependencies (D:\\Desktop\\Vault\\PROJECT\\ASHEN\\backend\\node_modules\\@nestjs\\testing\\testing-module.builder.js:119:9)\n    at TestingModuleBuilder.compile (D:\\Desktop\\Vault\\PROJECT\\ASHEN\\backend\\node_modules\\@nestjs\\testing\\testing-module.builder.js:74:9)\n    at Object.<anonymous> (D:\\Desktop\\Vault\\PROJECT\\ASHEN\\backend\\src\\cloudinary\\cloudinary.controller.spec.ts:8:35)"],"fullName":"CloudinaryController should be defined","invocations":1,"location":null,"numPassingAsserts":0,"retryReasons":[],"startAt":1786883454432,"status":"failed","title":"should be defined"}],"endTime":1786883454462,"message":"  ● CloudinaryController › should be defined\n\n    Nest can't resolve dependencies of the CloudinaryController (?). Please make sure that the argument CloudinaryService at index [0] is available in the RootTestModule module.\n\n    Potential solutions:\n    - Is RootTestModule a valid NestJS module?\n    - If CloudinaryService is a provider, is it part of the current RootTestModule?\n    - If CloudinaryService is exported from a separate @Module, is that module imported within RootTestModule?\n      @Module({\n        imports: [ /* the Module containing CloudinaryService */ ]\n      })\n\n    For more common dependency resolution issues, see: https://docs.nestjs.com/faq/common-errors\n\n    \u001b[0m \u001b[90m  6 |\u001b[39m\n     \u001b[90m  7 |\u001b[39m   beforeEach(\u001b[36masync\u001b[39m () \u001b[33m=>\u001b[39m {\n    \u001b[31m\u001b[1m>\u001b[22m\u001b[39m\u001b[90m  8 |\u001b[39m     \u001b[36mconst\u001b[39m module\u001b[33m:\u001b[39m \u001b[33mTestingModule\u001b[39m \u001b[33m=\u001b[39m \u001b[36mawait\u001b[39m \u001b[33mTest\u001b[39m\u001b[33m.\u001b[39mcreateTestingModule({\n     \u001b[90m    |\u001b[39m                                   \u001b[31m\u001b[1m^\u001b[22m\u001b[39m\n     \u001b[90m  9 |\u001b[39m       controllers\u001b[33m:\u001b[39m [\u001b[33mCloudinaryController\u001b[39m]\u001b[33m,\u001b[39m\n     \u001b[90m 10 |\u001b[39m     })\u001b[33m.\u001b[39mcompile()\u001b[33m;\u001b[39m\n     \u001b[90m 11 |\u001b[39m\u001b[0m\n\n      at TestingInjector.lookupComponentInParentModules (../node_modules/@nestjs/core/injector/injector.js:300:19)\n      at TestingInjector.resolveComponentWrapper (../node_modules/@nestjs/testing/testing-injector.js:19:45)\n      at resolveParam (../node_modules/@nestjs/core/injector/injector.js:150:38)\n          at async Promise.all (index 0)\n      at TestingInjector.resolveConstructorParams (../node_modules/@nestjs/core/injector/injector.js:179:27)\n      at TestingInjector.loadInstance (../node_modules/@nestjs/core/injector/injector.js:77:13)\n      at TestingInjector.loadController (../node_modules/@nestjs/core/injector/injector.js:99:9)\n      at ../node_modules/@nestjs/core/injector/instance-loader.js:68:13\n          at async Promise.all (index 0)\n      at TestingInstanceLoader.createInstancesOfControllers (../node_modules/@nestjs/core/injector/instance-loader.js:67:9)\n      at ../node_modules/@nestjs/core/injector/instance-loader.js:42:13\n          at async Promise.all (index 1)\n      at TestingInstanceLoader.createInstances (../node_modules/@nestjs/core/injector/instance-loader.js:39:9)\n      at TestingInstanceLoader.createInstancesOfDependencies (../node_modules/@nestjs/core/injector/instance-loader.js:22:13)\n      at TestingInstanceLoader.createInstancesOfDependencies (../node_modules/@nestjs/testing/testing-instance-loader.js:9:9)\n      at TestingModuleBuilder.createInstancesOfDependencies (../node_modules/@nestjs/testing/testing-module.builder.js:119:9)\n      at TestingModuleBuilder.compile (../node_modules/@nestjs/testing/testing-module.builder.js:74:9)\n      at Object.<anonymous> (cloudinary/cloudinary.controller.spec.ts:8:35)\n","name":"D:\\Desktop\\Vault\\PROJECT\\ASHEN\\backend\\src\\cloudinary\\cloudinary.controller.spec.ts","startTime":1786883447106,"status":"failed","summary":""},{"assertionResults":[{"ancestorTitles":["AppController","root"],"duration":4,"failing":false,"failureDetails":[],"failureMessages":[],"fullName":"AppController root should return \"Hello World!\"","invocations":1,"location":null,"numPassingAsserts":1,"retryReasons":[],"startAt":1786883454540,"status":"passed","title":"should return \"Hello World!\""}],"endTime":1786883454544,"message":"","name":"D:\\Desktop\\Vault\\PROJECT\\ASHEN\\backend\\src\\app.controller.spec.ts","startTime":1786883453860,"status":"passed","summary":""},{"assertionResults":[{"ancestorTitles":["PrismaService"],"duration":13,"failing":false,"failureDetails":[],"failureMessages":[],"fullName":"PrismaService should be defined","invocations":1,"location":null,"numPassingAsserts":1,"retryReasons":[],"startAt":1786883454546,"status":"passed","title":"should be defined"}],"endTime":1786883454560,"message":"","name":"D:\\Desktop\\Vault\\PROJECT\\ASHEN\\backend\\src\\prisma\\prisma.service.spec.ts","startTime":1786883453890,"status":"passed","summary":""},{"assertionResults":[{"ancestorTitles":["AuthController"],"duration":11,"failing":false,"failureDetails":[{"type":"AuthController","context":{"index":0,"dependencies":[null]},"metadata":{"id":"1a9c22c0b19be01fbe4ea"},"moduleRef":{"id":"1a7c41240d1a9c22c0b19"}}],"failureMessages":["Error: Nest can't resolve dependencies of the AuthController (?). Please make sure that the argument AuthService at index [0] is available in the RootTestModule module.\n\nPotential solutions:\n- Is RootTestModule a valid NestJS module?\n- If AuthService is a provider, is it part of the current RootTestModule?\n- If AuthService is exported from a separate @Module, is that module imported within RootTestModule?\n  @Module({\n    imports: [ /* the Module containing AuthService */ ]\n  })\n\nFor more common dependency resolution issues, see: https://docs.nestjs.com/faq/common-errors\n    at TestingInjector.lookupComponentInParentModules (D:\\Desktop\\Vault\\PROJECT\\ASHEN\\backend\\node_modules\\@nestjs\\core\\injector\\injector.js:300:19)\n    at processTicksAndRejections (node:internal/process/task_queues:104:5)\n    at TestingInjector.resolveComponentWrapper (D:\\Desktop\\Vault\\PROJECT\\ASHEN\\backend\\node_modules\\@nestjs\\testing\\testing-injector.js:19:45)\n    at resolveParam (D:\\Desktop\\Vault\\PROJECT\\ASHEN\\backend\\node_modules\\@nestjs\\core\\injector\\injector.js:150:38)\n    at async Promise.all (index 0)\n    at TestingInjector.resolveConstructorParams (D:\\Desktop\\Vault\\PROJECT\\ASHEN\\backend\\node_modules\\@nestjs\\core\\injector\\injector.js:179:27)\n    at TestingInjector.loadInstance (D:\\Desktop\\Vault\\PROJECT\\ASHEN\\backend\\node_modules\\@nestjs\\core\\injector\\injector.js:77:13)\n    at TestingInjector.loadController (D:\\Desktop\\Vault\\PROJECT\\ASHEN\\backend\\node_modules\\@nestjs\\core\\injector\\injector.js:99:9)\n    at D:\\Desktop\\Vault\\PROJECT\\ASHEN\\backend\\node_modules\\@nestjs\\core\\injector\\instance-loader.js:68:13\n    at async Promise.all (index 0)\n    at TestingInstanceLoader.createInstancesOfControllers (D:\\Desktop\\Vault\\PROJECT\\ASHEN\\backend\\node_modules\\@nestjs\\core\\injector\\instance-loader.js:67:9)\n    at D:\\Desktop\\Vault\\PROJECT\\ASHEN\\backend\\node_modules\\@nestjs\\core\\injector\\instance-loader.js:42:13\n    at async Promise.all (index 1)\n    at TestingInstanceLoader.createInstances (D:\\Desktop\\Vault\\PROJECT\\ASHEN\\backend\\node_modules\\@nestjs\\core\\injector\\instance-loader.js:39:9)\n    at TestingInstanceLoader.createInstancesOfDependencies (D:\\Desktop\\Vault\\PROJECT\\ASHEN\\backend\\node_modules\\@nestjs\\core\\injector\\instance-loader.js:22:13)\n    at TestingInstanceLoader.createInstancesOfDependencies (D:\\Desktop\\Vault\\PROJECT\\ASHEN\\backend\\node_modules\\@nestjs\\testing\\testing-instance-loader.js:9:9)\n    at TestingModuleBuilder.createInstancesOfDependencies (D:\\Desktop\\Vault\\PROJECT\\ASHEN\\backend\\node_modules\\@nestjs\\testing\\testing-module.builder.js:119:9)\n    at TestingModuleBuilder.compile (D:\\Desktop\\Vault\\PROJECT\\ASHEN\\backend\\node_modules\\@nestjs\\testing\\testing-module.builder.js:74:9)\n    at Object.<anonymous> (D:\\Desktop\\Vault\\PROJECT\\ASHEN\\backend\\src\\auth\\auth.controller.spec.ts:8:35)"],"fullName":"AuthController should be defined","invocations":1,"location":null,"numPassingAsserts":0,"retryReasons":[],"startAt":1786883454735,"status":"failed","title":"should be defined"}],"endTime":1786883454762,"message":"  ● AuthController › should be defined\n\n    Nest can't resolve dependencies of the AuthController (?). Please make sure that the argument AuthService at index [0] is available in the RootTestModule module.\n\n    Potential solutions:\n    - Is RootTestModule a valid NestJS module?\n    - If AuthService is a provider, is it part of the current RootTestModule?\n    - If AuthService is exported from a separate @Module, is that module imported within RootTestModule?\n      @Module({\n        imports: [ /* the Module containing AuthService */ ]\n      })\n\n    For more common dependency resolution issues, see: https://docs.nestjs.com/faq/common-errors\n\n    \u001b[0m \u001b[90m  6 |\u001b[39m\n     \u001b[90m  7 |\u001b[39m   beforeEach(\u001b[36masync\u001b[39m () \u001b[33m=>\u001b[39m {\n    \u001b[31m\u001b[1m>\u001b[22m\u001b[39m\u001b[90m  8 |\u001b[39m     \u001b[36mconst\u001b[39m module\u001b[33m:\u001b[39m \u001b[33mTestingModule\u001b[39m \u001b[33m=\u001b[39m \u001b[36mawait\u001b[39m \u001b[33mTest\u001b[39m\u001b[33m.\u001b[39mcreateTestingModule({\n     \u001b[90m    |\u001b[39m                                   \u001b[31m\u001b[1m^\u001b[22m\u001b[39m\n     \u001b[90m  9 |\u001b[39m       controllers\u001b[33m:\u001b[39m [\u001b[33mAuthController\u001b[39m]\u001b[33m,\u001b[39m\n     \u001b[90m 10 |\u001b[39m     })\u001b[33m.\u001b[39mcompile()\u001b[33m;\u001b[39m\n     \u001b[90m 11 |\u001b[39m\u001b[0m\n\n      at TestingInjector.lookupComponentInParentModules (../node_modules/@nestjs/core/injector/injector.js:300:19)\n      at TestingInjector.resolveComponentWrapper (../node_modules/@nestjs/testing/testing-injector.js:19:45)\n      at resolveParam (../node_modules/@nestjs/core/injector/injector.js:150:38)\n          at async Promise.all (index 0)\n      at TestingInjector.resolveConstructorParams (../node_modules/@nestjs/core/injector/injector.js:179:27)\n      at TestingInjector.loadInstance (../node_modules/@nestjs/core/injector/injector.js:77:13)\n      at TestingInjector.loadController (../node_modules/@nestjs/core/injector/injector.js:99:9)\n      at ../node_modules/@nestjs/core/injector/instance-loader.js:68:13\n          at async Promise.all (index 0)\n      at TestingInstanceLoader.createInstancesOfControllers (../node_modules/@nestjs/core/injector/instance-loader.js:67:9)\n      at ../node_modules/@nestjs/core/injector/instance-loader.js:42:13\n          at async Promise.all (index 1)\n      at TestingInstanceLoader.createInstances (../node_modules/@nestjs/core/injector/instance-loader.js:39:9)\n      at TestingInstanceLoader.createInstancesOfDependencies (../node_modules/@nestjs/core/injector/instance-loader.js:22:13)\n      at TestingInstanceLoader.createInstancesOfDependencies (../node_modules/@nestjs/testing/testing-instance-loader.js:9:9)\n      at TestingModuleBuilder.createInstancesOfDependencies (../node_modules/@nestjs/testing/testing-module.builder.js:119:9)\n      at TestingModuleBuilder.compile (../node_modules/@nestjs/testing/testing-module.builder.js:74:9)\n      at Object.<anonymous> (auth/auth.controller.spec.ts:8:35)\n","name":"D:\\Desktop\\Vault\\PROJECT\\ASHEN\\backend\\src\\auth\\auth.controller.spec.ts","startTime":1786883447006,"status":"failed","summary":""},{"assertionResults":[{"ancestorTitles":["CloudinaryService"],"duration":4,"failing":false,"failureDetails":[],"failureMessages":[],"fullName":"CloudinaryService should be defined","invocations":1,"location":null,"numPassingAsserts":1,"retryReasons":[],"startAt":1786883454791,"status":"passed","title":"should be defined"}],"endTime":1786883454796,"message":"","name":"D:\\Desktop\\Vault\\PROJECT\\ASHEN\\backend\\src\\cloudinary\\cloudinary.service.spec.ts","startTime":1786883453786,"status":"passed","summary":""}],"wasInterrupted":false}
